# JRE version: Java(TM) SE Runtime Environment (8.0_111-b14) (build 1.8.0_111-b14)
# Java VM: Java HotSpot(TM) 64-Bit Server VM (25.111-b14 mixed mode linux-amd64 compressed oops)
Heap:
 PSYoungGen      total 27648K, used 16036K [0x00000000ec400000, 0x00000000eee00000, 0x0000000100000000)
  eden space 14848K, 34% used [0x00000000ec400000,0x00000000ec909218,0x00000000ed280000)
  from space 12800K, 85% used [0x00000000ee000000,0x00000000eeaa0000,0x00000000eec80000)
  to   space 13824K, 0% used [0x00000000ed280000,0x00000000ed280000,0x00000000ee000000)
 ParOldGen       total 73216K, used 39134K [0x00000000c4c00000, 0x00000000c9380000, 0x00000000ec400000)
  object space 73216K, 53% used [0x00000000c4c00000,0x00000000c7237a68,0x00000000c9380000)
 Metaspace       used 3760K, capacity 4704K, committed 4864K, reserved 1056768K
  class space    used 417K, capacity 464K, committed 512K, reserved 1048576K
GC Heap History (10 events):
Event: 64.392 GC heap before
{Heap before GC invocations=11 (full 0):
 PSYoungGen      total 25088K, used 19872K [0x00000000ec400000, 0x00000000ee980000, 0x0000000100000000)
  eden space 12800K, 100% used [0x00000000ec400000,0x00000000ed080000,0x00000000ed080000)
  from space 12288K, 57% used [0x00000000edd80000,0x00000000ee468000,0x00000000ee980000)
  to   space 12800K, 0% used [0x00000000ed080000,0x00000000ed080000,0x00000000edd00000)
 ParOldGen       total 40960K, used 29176K [0x00000000c4c00000, 0x00000000c7400000, 0x00000000ec400000)
  object space 40960K, 71% used [0x00000000c4c00000,0x00000000c687e070,0x00000000c7400000)
 Metaspace       used 3745K, capacity 4704K, committed 4864K, reserved 1056768K
  class space    used 414K, capacity 464K, committed 512K, reserved 1048576K
Event: 64.419 GC heap after
Heap after GC invocations=11 (full 0):
 PSYoungGen      total 25600K, used 3584K [0x00000000ec400000, 0x00000000eea80000, 0x0000000100000000)
  eden space 12800K, 0% used [0x00000000ec400000,0x00000000ec400000,0x00000000ed080000)
  from space 12800K, 28% used [0x00000000ed080000,0x00000000ed400000,0x00000000edd00000)
  to   space 13312K, 0% used [0x00000000edd80000,0x00000000edd80000,0x00000000eea80000)
 ParOldGen       total 40960K, used 36256K [0x00000000c4c00000, 0x00000000c7400000, 0x00000000ec400000)
  object space 40960K, 88% used [0x00000000c4c00000,0x00000000c6f68070,0x00000000c7400000)
 Metaspace       used 3745K, capacity 4704K, committed 4864K, reserved 1056768K
  class space    used 414K, capacity 464K, committed 512K, reserved 1048576K
}
Event: 64.419 GC heap before
{Heap before GC invocations=12 (full 1):
 PSYoungGen      total 25600K, used 3584K [0x00000000ec400000, 0x00000000eea80000, 0x0000000100000000)
  eden space 12800K, 0% used [0x00000000ec400000,0x00000000ec400000,0x00000000ed080000)
  from space 12800K, 28% used [0x00000000ed080000,0x00000000ed400000,0x00000000edd00000)
  to   space 13312K, 0% used [0x00000000edd80000,0x00000000edd80000,0x00000000eea80000)
 ParOldGen       total 40960K, used 36256K [0x00000000c4c00000, 0x00000000c7400000, 0x00000000ec400000)
  object space 40960K, 88% used [0x00000000c4c00000,0x00000000c6f68070,0x00000000c7400000)
 Metaspace       used 3745K, capacity 4704K, committed 4864K, reserved 1056768K
  class space    used 414K, capacity 464K, committed 512K, reserved 1048576K
Event: 64.959 GC heap after
Heap after GC invocations=12 (full 1):
 PSYoungGen      total 25600K, used 0K [0x00000000ec400000, 0x00000000eea80000, 0x0000000100000000)
  eden space 12800K, 0% used [0x00000000ec400000,0x00000000ec400000,0x00000000ed080000)
  from space 12800K, 0% used [0x00000000ed080000,0x00000000ed080000,0x00000000edd00000)
  to   space 13312K, 0% used [0x00000000edd80000,0x00000000edd80000,0x00000000eea80000)
 ParOldGen       total 73216K, used 39134K [0x00000000c4c00000, 0x00000000c9380000, 0x00000000ec400000)
  object space 73216K, 53% used [0x00000000c4c00000,0x00000000c7237a68,0x00000000c9380000)
 Metaspace       used 3745K, capacity 4704K, committed 4864K, reserved 1056768K
  class space    used 414K, capacity 464K, committed 512K, reserved 1048576K
}
Event: 74.629 GC heap before
{Heap before GC invocations=13 (full 1):
 PSYoungGen      total 25600K, used 12800K [0x00000000ec400000, 0x00000000eea80000, 0x0000000100000000)
  eden space 12800K, 100% used [0x00000000ec400000,0x00000000ed080000,0x00000000ed080000)
  from space 12800K, 0% used [0x00000000ed080000,0x00000000ed080000,0x00000000edd00000)
  to   space 13312K, 0% used [0x00000000edd80000,0x00000000edd80000,0x00000000eea80000)
 ParOldGen       total 73216K, used 39134K [0x00000000c4c00000, 0x00000000c9380000, 0x00000000ec400000)
  object space 73216K, 53% used [0x00000000c4c00000,0x00000000c7237a68,0x00000000c9380000)
 Metaspace       used 3745K, capacity 4704K, committed 4864K, reserved 1056768K
  class space    used 414K, capacity 464K, committed 512K, reserved 1048576K
Event: 74.638 GC heap after
Heap after GC invocations=13 (full 1):
 PSYoungGen      total 26624K, used 3616K [0x00000000ec400000, 0x00000000eec00000, 0x0000000100000000)
  eden space 13312K, 0% used [0x00000000ec400000,0x00000000ec400000,0x00000000ed100000)
  from space 13312K, 27% used [0x00000000edd80000,0x00000000ee108000,0x00000000eea80000)
  to   space 12800K, 0% used [0x00000000ed100000,0x00000000ed100000,0x00000000edd80000)
 ParOldGen       total 73216K, used 39134K [0x00000000c4c00000, 0x00000000c9380000, 0x00000000ec400000)
  object space 73216K, 53% used [0x00000000c4c00000,0x00000000c7237a68,0x00000000c9380000)
 Metaspace       used 3745K, capacity 4704K, committed 4864K, reserved 1056768K
  class space    used 414K, capacity 464K, committed 512K, reserved 1048576K
}
Event: 86.813 GC heap before
{Heap before GC invocations=14 (full 1):
 PSYoungGen      total 26624K, used 16928K [0x00000000ec400000, 0x00000000eec00000, 0x0000000100000000)
  eden space 13312K, 100% used [0x00000000ec400000,0x00000000ed100000,0x00000000ed100000)
  from space 13312K, 27% used [0x00000000edd80000,0x00000000ee108000,0x00000000eea80000)
  to   space 12800K, 0% used [0x00000000ed100000,0x00000000ed100000,0x00000000edd80000)
 ParOldGen       total 73216K, used 39134K [0x00000000c4c00000, 0x00000000c9380000, 0x00000000ec400000)
  object space 73216K, 53% used [0x00000000c4c00000,0x00000000c7237a68,0x00000000c9380000)
 Metaspace       used 3745K, capacity 4704K, committed 4864K, reserved 1056768K
  class space    used 414K, capacity 464K, committed 512K, reserved 1048576K
Event: 86.829 GC heap after
Heap after GC invocations=14 (full 1):
 PSYoungGen      total 26112K, used 7264K [0x00000000ec400000, 0x00000000eec80000, 0x0000000100000000)
  eden space 13312K, 0% used [0x00000000ec400000,0x00000000ec400000,0x00000000ed100000)
  from space 12800K, 56% used [0x00000000ed100000,0x00000000ed818000,0x00000000edd80000)
  to   space 12800K, 0% used [0x00000000ee000000,0x00000000ee000000,0x00000000eec80000)
 ParOldGen       total 73216K, used 39134K [0x00000000c4c00000, 0x00000000c9380000, 0x00000000ec400000)
  object space 73216K, 53% used [0x00000000c4c00000,0x00000000c7237a68,0x00000000c9380000)
 Metaspace       used 3745K, capacity 4704K, committed 4864K, reserved 1056768K
  class space    used 414K, capacity 464K, committed 512K, reserved 1048576K
}
Event: 105.625 GC heap before
{Heap before GC invocations=15 (full 1):
 PSYoungGen      total 26112K, used 20576K [0x00000000ec400000, 0x00000000eec80000, 0x0000000100000000)
  eden space 13312K, 100% used [0x00000000ec400000,0x00000000ed100000,0x00000000ed100000)
  from space 12800K, 56% used [0x00000000ed100000,0x00000000ed818000,0x00000000edd80000)
  to   space 12800K, 0% used [0x00000000ee000000,0x00000000ee000000,0x00000000eec80000)
 ParOldGen       total 73216K, used 39134K [0x00000000c4c00000, 0x00000000c9380000, 0x00000000ec400000)
  object space 73216K, 53% used [0x00000000c4c00000,0x00000000c7237a68,0x00000000c9380000)
 Metaspace       used 3745K, capacity 4704K, committed 4864K, reserved 1056768K
  class space    used 414K, capacity 464K, committed 512K, reserved 1048576K
Event: 105.652 GC heap after
Heap after GC invocations=15 (full 1):
 PSYoungGen      total 27648K, used 10880K [0x00000000ec400000, 0x00000000eee00000, 0x0000000100000000)
  eden space 14848K, 0% used [0x00000000ec400000,0x00000000ec400000,0x00000000ed280000)
  from space 12800K, 85% used [0x00000000ee000000,0x00000000eeaa0000,0x00000000eec80000)
  to   space 13824K, 0% used [0x00000000ed280000,0x00000000ed280000,0x00000000ee000000)
 ParOldGen       total 73216K, used 39134K [0x00000000c4c00000, 0x00000000c9380000, 0x00000000ec400000)
  object space 73216K, 53% used [0x00000000c4c00000,0x00000000c7237a68,0x00000000c9380000)
 Metaspace       used 3745K, capacity 4704K, committed 4864K, reserved 1056768K
  class space    used 414K, capacity 464K, committed 512K, reserved 1048576K
}

