# JRE version: Java(TM) SE Runtime Environment (8.0_111-b14) (build 1.8.0_111-b14)
# Java VM: Java HotSpot(TM) 64-Bit Server VM (25.111-b14 mixed mode linux-amd64 compressed oops)
Heap:
 PSYoungGen      total 629248K, used 295726K [0x00000000d5580000, 0x00000000fc200000, 0x0000000100000000)
  eden space 627712K, 46% used [0x00000000d5580000,0x00000000e74cb978,0x00000000fba80000)
  from space 1536K, 100% used [0x00000000fbd80000,0x00000000fbf00000,0x00000000fbf00000)
  to   space 3072K, 0% used [0x00000000fba80000,0x00000000fba80000,0x00000000fbd80000)
 ParOldGen       total 40960K, used 5180K [0x0000000080000000, 0x0000000082800000, 0x00000000d5580000)
  object space 40960K, 12% used [0x0000000080000000,0x000000008050f060,0x0000000082800000)
 Metaspace       used 3749K, capacity 4704K, committed 4864K, reserved 1056768K
  class space    used 417K, capacity 464K, committed 512K, reserved 1048576K
GC Heap History (10 events):
Event: 0.250 GC heap before
{Heap before GC invocations=8 (full 0):
 PSYoungGen      total 123904K, used 122959K [0x00000000d5580000, 0x00000000e4780000, 0x0000000100000000)
  eden space 122880K, 99% used [0x00000000d5580000,0x00000000dcd65bb8,0x00000000dcd80000)
  from space 1024K, 17% used [0x00000000dcd80000,0x00000000dcdae0e0,0x00000000dce80000)
  to   space 1024K, 0% used [0x00000000e4680000,0x00000000e4680000,0x00000000e4780000)
 ParOldGen       total 40960K, used 320K [0x0000000080000000, 0x0000000082800000, 0x00000000d5580000)
  object space 40960K, 0% used [0x0000000080000000,0x0000000080050050,0x0000000082800000)
 Metaspace       used 2922K, capacity 4490K, committed 4864K, reserved 1056768K
  class space    used 322K, capacity 386K, committed 512K, reserved 1048576K
Event: 0.251 GC heap after
Heap after GC invocations=8 (full 0):
 PSYoungGen      total 246784K, used 250K [0x00000000d5580000, 0x00000000e4780000, 0x0000000100000000)
  eden space 245760K, 0% used [0x00000000d5580000,0x00000000d5580000,0x00000000e4580000)
  from space 1024K, 24% used [0x00000000e4680000,0x00000000e46bea80,0x00000000e4780000)
  to   space 1024K, 0% used [0x00000000e4580000,0x00000000e4580000,0x00000000e4680000)
 ParOldGen       total 40960K, used 320K [0x0000000080000000, 0x0000000082800000, 0x00000000d5580000)
  object space 40960K, 0% used [0x0000000080000000,0x0000000080050050,0x0000000082800000)
 Metaspace       used 2922K, capacity 4490K, committed 4864K, reserved 1056768K
  class space    used 322K, capacity 386K, committed 512K, reserved 1048576K
}
Event: 0.424 GC heap before
{Heap before GC invocations=9 (full 0):
 PSYoungGen      total 246784K, used 246010K [0x00000000d5580000, 0x00000000e4780000, 0x0000000100000000)
  eden space 245760K, 100% used [0x00000000d5580000,0x00000000e4580000,0x00000000e4580000)
  from space 1024K, 24% used [0x00000000e4680000,0x00000000e46bea80,0x00000000e4780000)
  to   space 1024K, 0% used [0x00000000e4580000,0x00000000e4580000,0x00000000e4680000)
 ParOldGen       total 40960K, used 320K [0x0000000080000000, 0x0000000082800000, 0x00000000d5580000)
  object space 40960K, 0% used [0x0000000080000000,0x0000000080050050,0x0000000082800000)
 Metaspace       used 3598K, capacity 4606K, committed 4864K, reserved 1056768K
  class space    used 405K, capacity 430K, committed 512K, reserved 1048576K
Event: 0.425 GC heap after
Heap after GC invocations=9 (full 0):
 PSYoungGen      total 246784K, used 224K [0x00000000d5580000, 0x00000000ed780000, 0x0000000100000000)
  eden space 245760K, 0% used [0x00000000d5580000,0x00000000d5580000,0x00000000e4580000)
  from space 1024K, 21% used [0x00000000e4580000,0x00000000e45b8000,0x00000000e4680000)
  to   space 1024K, 0% used [0x00000000ed680000,0x00000000ed680000,0x00000000ed780000)
 ParOldGen       total 40960K, used 328K [0x0000000080000000, 0x0000000082800000, 0x00000000d5580000)
  object space 40960K, 0% used [0x0000000080000000,0x0000000080052050,0x0000000082800000)
 Metaspace       used 3598K, capacity 4606K, committed 4864K, reserved 1056768K
  class space    used 405K, capacity 430K, committed 512K, reserved 1048576K
}
Event: 0.596 GC heap before
{Heap before GC invocations=10 (full 0):
 PSYoungGen      total 246784K, used 245984K [0x00000000d5580000, 0x00000000ed780000, 0x0000000100000000)
  eden space 245760K, 100% used [0x00000000d5580000,0x00000000e4580000,0x00000000e4580000)
  from space 1024K, 21% used [0x00000000e4580000,0x00000000e45b8000,0x00000000e4680000)
  to   space 1024K, 0% used [0x00000000ed680000,0x00000000ed680000,0x00000000ed780000)
 ParOldGen       total 40960K, used 328K [0x0000000080000000, 0x0000000082800000, 0x00000000d5580000)
  object space 40960K, 0% used [0x0000000080000000,0x0000000080052050,0x0000000082800000)
 Metaspace       used 3679K, capacity 4640K, committed 4864K, reserved 1056768K
  class space    used 414K, capacity 464K, committed 512K, reserved 1048576K
Event: 0.598 GC heap after
Heap after GC invocations=10 (full 0):
 PSYoungGen      total 394240K, used 768K [0x00000000d5580000, 0x00000000ed780000, 0x0000000100000000)
  eden space 393216K, 0% used [0x00000000d5580000,0x00000000d5580000,0x00000000ed580000)
  from space 1024K, 75% used [0x00000000ed680000,0x00000000ed740000,0x00000000ed780000)
  to   space 1024K, 0% used [0x00000000ed580000,0x00000000ed580000,0x00000000ed680000)
 ParOldGen       total 40960K, used 336K [0x0000000080000000, 0x0000000082800000, 0x00000000d5580000)
  object space 40960K, 0% used [0x0000000080000000,0x0000000080054050,0x0000000082800000)
 Metaspace       used 3679K, capacity 4640K, committed 4864K, reserved 1056768K
  class space    used 414K, capacity 464K, committed 512K, reserved 1048576K
}
Event: 0.713 GC heap before
{Heap before GC invocations=11 (full 0):
 PSYoungGen      total 394240K, used 393984K [0x00000000d5580000, 0x00000000ed780000, 0x0000000100000000)
  eden space 393216K, 100% used [0x00000000d5580000,0x00000000ed580000,0x00000000ed580000)
  from space 1024K, 75% used [0x00000000ed680000,0x00000000ed740000,0x00000000ed780000)
  to   space 1024K, 0% used [0x00000000ed580000,0x00000000ed580000,0x00000000ed680000)
 ParOldGen       total 40960K, used 336K [0x0000000080000000, 0x0000000082800000, 0x00000000d5580000)
  object space 40960K, 0% used [0x0000000080000000,0x0000000080054050,0x0000000082800000)
 Metaspace       used 3686K, capacity 4640K, committed 4864K, reserved 1056768K
  class space    used 414K, capacity 464K, committed 512K, reserved 1048576K
Event: 0.717 GC heap after
Heap after GC invocations=11 (full 0):
 PSYoungGen      total 394240K, used 1024K [0x00000000d5580000, 0x00000000fbf00000, 0x0000000100000000)
  eden space 393216K, 0% used [0x00000000d5580000,0x00000000d5580000,0x00000000ed580000)
  from space 1024K, 100% used [0x00000000ed580000,0x00000000ed680000,0x00000000ed680000)
  to   space 1536K, 0% used [0x00000000fbd80000,0x00000000fbd80000,0x00000000fbf00000)
 ParOldGen       total 40960K, used 1660K [0x0000000080000000, 0x0000000082800000, 0x00000000d5580000)
  object space 40960K, 4% used [0x0000000080000000,0x000000008019f060,0x0000000082800000)
 Metaspace       used 3686K, capacity 4640K, committed 4864K, reserved 1056768K
  class space    used 414K, capacity 464K, committed 512K, reserved 1048576K
}
Event: 0.995 GC heap before
{Heap before GC invocations=12 (full 0):
 PSYoungGen      total 394240K, used 394240K [0x00000000d5580000, 0x00000000fbf00000, 0x0000000100000000)
  eden space 393216K, 100% used [0x00000000d5580000,0x00000000ed580000,0x00000000ed580000)
  from space 1024K, 100% used [0x00000000ed580000,0x00000000ed680000,0x00000000ed680000)
  to   space 1536K, 0% used [0x00000000fbd80000,0x00000000fbd80000,0x00000000fbf00000)
 ParOldGen       total 40960K, used 1660K [0x0000000080000000, 0x0000000082800000, 0x00000000d5580000)
  object space 40960K, 4% used [0x0000000080000000,0x000000008019f060,0x0000000082800000)
 Metaspace       used 3734K, capacity 4704K, committed 4864K, reserved 1056768K
  class space    used 415K, capacity 464K, committed 512K, reserved 1048576K
Event: 1.000 GC heap after
Heap after GC invocations=12 (full 0):
 PSYoungGen      total 629248K, used 1536K [0x00000000d5580000, 0x00000000fc200000, 0x0000000100000000)
  eden space 627712K, 0% used [0x00000000d5580000,0x00000000d5580000,0x00000000fba80000)
  from space 1536K, 100% used [0x00000000fbd80000,0x00000000fbf00000,0x00000000fbf00000)
  to   space 3072K, 0% used [0x00000000fba80000,0x00000000fba80000,0x00000000fbd80000)
 ParOldGen       total 40960K, used 5180K [0x0000000080000000, 0x0000000082800000, 0x00000000d5580000)
  object space 40960K, 12% used [0x0000000080000000,0x000000008050f060,0x0000000082800000)
 Metaspace       used 3734K, capacity 4704K, committed 4864K, reserved 1056768K
  class space    used 415K, capacity 464K, committed 512K, reserved 1048576K
}

