# JRE version: Java(TM) SE Runtime Environment (8.0_111-b14) (build 1.8.0_111-b14)
# Java VM: Java HotSpot(TM) 64-Bit Server VM (25.111-b14 mixed mode linux-amd64 compressed oops)
Heap:
 PSYoungGen      total 629248K, used 404476K [0x00000000d5580000, 0x00000000fc200000, 0x0000000100000000)
  eden space 627712K, 64% used [0x00000000d5580000,0x00000000edeff1a0,0x00000000fba80000)
  from space 1536K, 100% used [0x00000000fbd80000,0x00000000fbf00000,0x00000000fbf00000)
  to   space 3072K, 0% used [0x00000000fba80000,0x00000000fba80000,0x00000000fbd80000)
 ParOldGen       total 40960K, used 4848K [0x0000000080000000, 0x0000000082800000, 0x00000000d5580000)
  object space 40960K, 11% used [0x0000000080000000,0x00000000804bc070,0x0000000082800000)
 Metaspace       used 3763K, capacity 4704K, committed 4864K, reserved 1056768K
  class space    used 417K, capacity 464K, committed 512K, reserved 1048576K
GC Heap History (10 events):
Event: 0.215 GC heap before
{Heap before GC invocations=8 (full 0):
 PSYoungGen      total 123904K, used 122962K [0x00000000d5580000, 0x00000000e4780000, 0x0000000100000000)
  eden space 122880K, 99% used [0x00000000d5580000,0x00000000dcd667c8,0x00000000dcd80000)
  from space 1024K, 17% used [0x00000000dcd80000,0x00000000dcdae0e0,0x00000000dce80000)
  to   space 1024K, 0% used [0x00000000e4680000,0x00000000e4680000,0x00000000e4780000)
 ParOldGen       total 40960K, used 340K [0x0000000080000000, 0x0000000082800000, 0x00000000d5580000)
  object space 40960K, 0% used [0x0000000080000000,0x0000000080055060,0x0000000082800000)
 Metaspace       used 2922K, capacity 4490K, committed 4864K, reserved 1056768K
  class space    used 322K, capacity 386K, committed 512K, reserved 1048576K
Event: 0.216 GC heap after
Heap after GC invocations=8 (full 0):
 PSYoungGen      total 246784K, used 250K [0x00000000d5580000, 0x00000000e4780000, 0x0000000100000000)
  eden space 245760K, 0% used [0x00000000d5580000,0x00000000d5580000,0x00000000e4580000)
  from space 1024K, 24% used [0x00000000e4680000,0x00000000e46bea80,0x00000000e4780000)
  to   space 1024K, 0% used [0x00000000e4580000,0x00000000e4580000,0x00000000e4680000)
 ParOldGen       total 40960K, used 340K [0x0000000080000000, 0x0000000082800000, 0x00000000d5580000)
  object space 40960K, 0% used [0x0000000080000000,0x0000000080055060,0x0000000082800000)
 Metaspace       used 2922K, capacity 4490K, committed 4864K, reserved 1056768K
  class space    used 322K, capacity 386K, committed 512K, reserved 1048576K
}
Event: 0.376 GC heap before
{Heap before GC invocations=9 (full 0):
 PSYoungGen      total 246784K, used 246010K [0x00000000d5580000, 0x00000000e4780000, 0x0000000100000000)
  eden space 245760K, 100% used [0x00000000d5580000,0x00000000e4580000,0x00000000e4580000)
  from space 1024K, 24% used [0x00000000e4680000,0x00000000e46bea80,0x00000000e4780000)
  to   space 1024K, 0% used [0x00000000e4580000,0x00000000e4580000,0x00000000e4680000)
 ParOldGen       total 40960K, used 340K [0x0000000080000000, 0x0000000082800000, 0x00000000d5580000)
  object space 40960K, 0% used [0x0000000080000000,0x0000000080055060,0x0000000082800000)
 Metaspace       used 3601K, capacity 4606K, committed 4864K, reserved 1056768K
  class space    used 405K, capacity 430K, committed 512K, reserved 1048576K
Event: 0.378 GC heap after
Heap after GC invocations=9 (full 0):
 PSYoungGen      total 246784K, used 224K [0x00000000d5580000, 0x00000000ed780000, 0x0000000100000000)
  eden space 245760K, 0% used [0x00000000d5580000,0x00000000d5580000,0x00000000e4580000)
  from space 1024K, 21% used [0x00000000e4580000,0x00000000e45b8000,0x00000000e4680000)
  to   space 1024K, 0% used [0x00000000ed680000,0x00000000ed680000,0x00000000ed780000)
 ParOldGen       total 40960K, used 348K [0x0000000080000000, 0x0000000082800000, 0x00000000d5580000)
  object space 40960K, 0% used [0x0000000080000000,0x0000000080057060,0x0000000082800000)
 Metaspace       used 3601K, capacity 4606K, committed 4864K, reserved 1056768K
  class space    used 405K, capacity 430K, committed 512K, reserved 1048576K
}
Event: 0.475 GC heap before
{Heap before GC invocations=10 (full 0):
 PSYoungGen      total 246784K, used 245984K [0x00000000d5580000, 0x00000000ed780000, 0x0000000100000000)
  eden space 245760K, 100% used [0x00000000d5580000,0x00000000e4580000,0x00000000e4580000)
  from space 1024K, 21% used [0x00000000e4580000,0x00000000e45b8000,0x00000000e4680000)
  to   space 1024K, 0% used [0x00000000ed680000,0x00000000ed680000,0x00000000ed780000)
 ParOldGen       total 40960K, used 348K [0x0000000080000000, 0x0000000082800000, 0x00000000d5580000)
  object space 40960K, 0% used [0x0000000080000000,0x0000000080057060,0x0000000082800000)
 Metaspace       used 3697K, capacity 4640K, committed 4864K, reserved 1056768K
  class space    used 414K, capacity 464K, committed 512K, reserved 1048576K
Event: 0.479 GC heap after
Heap after GC invocations=10 (full 0):
 PSYoungGen      total 394240K, used 704K [0x00000000d5580000, 0x00000000ed780000, 0x0000000100000000)
  eden space 393216K, 0% used [0x00000000d5580000,0x00000000d5580000,0x00000000ed580000)
  from space 1024K, 68% used [0x00000000ed680000,0x00000000ed730000,0x00000000ed780000)
  to   space 1024K, 0% used [0x00000000ed580000,0x00000000ed580000,0x00000000ed680000)
 ParOldGen       total 40960K, used 356K [0x0000000080000000, 0x0000000082800000, 0x00000000d5580000)
  object space 40960K, 0% used [0x0000000080000000,0x0000000080059060,0x0000000082800000)
 Metaspace       used 3697K, capacity 4640K, committed 4864K, reserved 1056768K
  class space    used 414K, capacity 464K, committed 512K, reserved 1048576K
}
Event: 0.582 GC heap before
{Heap before GC invocations=11 (full 0):
 PSYoungGen      total 394240K, used 393920K [0x00000000d5580000, 0x00000000ed780000, 0x0000000100000000)
  eden space 393216K, 100% used [0x00000000d5580000,0x00000000ed580000,0x00000000ed580000)
  from space 1024K, 68% used [0x00000000ed680000,0x00000000ed730000,0x00000000ed780000)
  to   space 1024K, 0% used [0x00000000ed580000,0x00000000ed580000,0x00000000ed680000)
 ParOldGen       total 40960K, used 356K [0x0000000080000000, 0x0000000082800000, 0x00000000d5580000)
  object space 40960K, 0% used [0x0000000080000000,0x0000000080059060,0x0000000082800000)
 Metaspace       used 3703K, capacity 4640K, committed 4864K, reserved 1056768K
  class space    used 414K, capacity 464K, committed 512K, reserved 1048576K
Event: 0.584 GC heap after
Heap after GC invocations=11 (full 0):
 PSYoungGen      total 394240K, used 1024K [0x00000000d5580000, 0x00000000fbf00000, 0x0000000100000000)
  eden space 393216K, 0% used [0x00000000d5580000,0x00000000d5580000,0x00000000ed580000)
  from space 1024K, 100% used [0x00000000ed580000,0x00000000ed680000,0x00000000ed680000)
  to   space 1536K, 0% used [0x00000000fbd80000,0x00000000fbd80000,0x00000000fbf00000)
 ParOldGen       total 40960K, used 1488K [0x0000000080000000, 0x0000000082800000, 0x00000000d5580000)
  object space 40960K, 3% used [0x0000000080000000,0x0000000080174070,0x0000000082800000)
 Metaspace       used 3703K, capacity 4640K, committed 4864K, reserved 1056768K
  class space    used 414K, capacity 464K, committed 512K, reserved 1048576K
}
Event: 0.767 GC heap before
{Heap before GC invocations=12 (full 0):
 PSYoungGen      total 394240K, used 394240K [0x00000000d5580000, 0x00000000fbf00000, 0x0000000100000000)
  eden space 393216K, 100% used [0x00000000d5580000,0x00000000ed580000,0x00000000ed580000)
  from space 1024K, 100% used [0x00000000ed580000,0x00000000ed680000,0x00000000ed680000)
  to   space 1536K, 0% used [0x00000000fbd80000,0x00000000fbd80000,0x00000000fbf00000)
 ParOldGen       total 40960K, used 1488K [0x0000000080000000, 0x0000000082800000, 0x00000000d5580000)
  object space 40960K, 3% used [0x0000000080000000,0x0000000080174070,0x0000000082800000)
 Metaspace       used 3739K, capacity 4704K, committed 4864K, reserved 1056768K
  class space    used 414K, capacity 464K, committed 512K, reserved 1048576K
Event: 0.772 GC heap after
Heap after GC invocations=12 (full 0):
 PSYoungGen      total 629248K, used 1536K [0x00000000d5580000, 0x00000000fc200000, 0x0000000100000000)
  eden space 627712K, 0% used [0x00000000d5580000,0x00000000d5580000,0x00000000fba80000)
  from space 1536K, 100% used [0x00000000fbd80000,0x00000000fbf00000,0x00000000fbf00000)
  to   space 3072K, 0% used [0x00000000fba80000,0x00000000fba80000,0x00000000fbd80000)
 ParOldGen       total 40960K, used 4848K [0x0000000080000000, 0x0000000082800000, 0x00000000d5580000)
  object space 40960K, 11% used [0x0000000080000000,0x00000000804bc070,0x0000000082800000)
 Metaspace       used 3739K, capacity 4704K, committed 4864K, reserved 1056768K
  class space    used 414K, capacity 464K, committed 512K, reserved 1048576K
}

