# JRE version: Java(TM) SE Runtime Environment (8.0_111-b14) (build 1.8.0_111-b14)
# Java VM: Java HotSpot(TM) 64-Bit Server VM (25.111-b14 mixed mode linux-amd64 compressed oops)
Heap:
 PSYoungGen      total 24064K, used 2929K [0x00000000ec400000, 0x00000000eee00000, 0x0000000100000000)
  eden space 12800K, 0% used [0x00000000ec400000,0x00000000ec404570,0x00000000ed080000)
  from space 11264K, 25% used [0x00000000ed080000,0x00000000ed358000,0x00000000edb80000)
  to   space 11264K, 0% used [0x00000000ee300000,0x00000000ee300000,0x00000000eee00000)
 ParOldGen       total 40960K, used 31852K [0x00000000c4c00000, 0x00000000c7400000, 0x00000000ec400000)
  object space 40960K, 77% used [0x00000000c4c00000,0x00000000c6b1b3c0,0x00000000c7400000)
 Metaspace       used 3782K, capacity 4704K, committed 4864K, reserved 1056768K
  class space    used 416K, capacity 464K, committed 512K, reserved 1048576K
GC Heap History (10 events):
Event: 15.220 GC heap before
{Heap before GC invocations=7 (full 0):
 PSYoungGen      total 22528K, used 20896K [0x00000000ec400000, 0x00000000ee300000, 0x0000000100000000)
  eden space 14848K, 100% used [0x00000000ec400000,0x00000000ed280000,0x00000000ed280000)
  from space 7680K, 78% used [0x00000000eda80000,0x00000000ee068000,0x00000000ee200000)
  to   space 8192K, 0% used [0x00000000ed280000,0x00000000ed280000,0x00000000eda80000)
 ParOldGen       total 40960K, used 13252K [0x00000000c4c00000, 0x00000000c7400000, 0x00000000ec400000)
  object space 40960K, 32% used [0x00000000c4c00000,0x00000000c58f1370,0x00000000c7400000)
 Metaspace       used 3782K, capacity 4704K, committed 4864K, reserved 1056768K
  class space    used 416K, capacity 464K, committed 512K, reserved 1048576K
Event: 15.238 GC heap after
Heap after GC invocations=7 (full 0):
 PSYoungGen      total 23040K, used 8032K [0x00000000ec400000, 0x00000000ee480000, 0x0000000100000000)
  eden space 14848K, 0% used [0x00000000ec400000,0x00000000ec400000,0x00000000ed280000)
  from space 8192K, 98% used [0x00000000ed280000,0x00000000eda58000,0x00000000eda80000)
  to   space 9216K, 0% used [0x00000000edb80000,0x00000000edb80000,0x00000000ee480000)
 ParOldGen       total 40960K, used 14628K [0x00000000c4c00000, 0x00000000c7400000, 0x00000000ec400000)
  object space 40960K, 35% used [0x00000000c4c00000,0x00000000c5a493c0,0x00000000c7400000)
 Metaspace       used 3782K, capacity 4704K, committed 4864K, reserved 1056768K
  class space    used 416K, capacity 464K, committed 512K, reserved 1048576K
}
Event: 19.156 GC heap before
{Heap before GC invocations=8 (full 0):
 PSYoungGen      total 23040K, used 22880K [0x00000000ec400000, 0x00000000ee480000, 0x0000000100000000)
  eden space 14848K, 100% used [0x00000000ec400000,0x00000000ed280000,0x00000000ed280000)
  from space 8192K, 98% used [0x00000000ed280000,0x00000000eda58000,0x00000000eda80000)
  to   space 9216K, 0% used [0x00000000edb80000,0x00000000edb80000,0x00000000ee480000)
 ParOldGen       total 40960K, used 14628K [0x00000000c4c00000, 0x00000000c7400000, 0x00000000ec400000)
  object space 40960K, 35% used [0x00000000c4c00000,0x00000000c5a493c0,0x00000000c7400000)
 Metaspace       used 3782K, capacity 4704K, committed 4864K, reserved 1056768K
  class space    used 416K, capacity 464K, committed 512K, reserved 1048576K
Event: 19.175 GC heap after
Heap after GC invocations=8 (full 0):
 PSYoungGen      total 22016K, used 9216K [0x00000000ec400000, 0x00000000ee880000, 0x0000000100000000)
  eden space 12800K, 0% used [0x00000000ec400000,0x00000000ec400000,0x00000000ed080000)
  from space 9216K, 100% used [0x00000000edb80000,0x00000000ee480000,0x00000000ee480000)
  to   space 11264K, 0% used [0x00000000ed080000,0x00000000ed080000,0x00000000edb80000)
 ParOldGen       total 40960K, used 16732K [0x00000000c4c00000, 0x00000000c7400000, 0x00000000ec400000)
  object space 40960K, 40% used [0x00000000c4c00000,0x00000000c5c573c0,0x00000000c7400000)
 Metaspace       used 3782K, capacity 4704K, committed 4864K, reserved 1056768K
  class space    used 416K, capacity 464K, committed 512K, reserved 1048576K
}
Event: 22.863 GC heap before
{Heap before GC invocations=9 (full 0):
 PSYoungGen      total 22016K, used 22016K [0x00000000ec400000, 0x00000000ee880000, 0x0000000100000000)
  eden space 12800K, 100% used [0x00000000ec400000,0x00000000ed080000,0x00000000ed080000)
  from space 9216K, 100% used [0x00000000edb80000,0x00000000ee480000,0x00000000ee480000)
  to   space 11264K, 0% used [0x00000000ed080000,0x00000000ed080000,0x00000000edb80000)
 ParOldGen       total 40960K, used 16732K [0x00000000c4c00000, 0x00000000c7400000, 0x00000000ec400000)
  object space 40960K, 40% used [0x00000000c4c00000,0x00000000c5c573c0,0x00000000c7400000)
 Metaspace       used 3782K, capacity 4704K, committed 4864K, reserved 1056768K
  class space    used 416K, capacity 464K, committed 512K, reserved 1048576K
Event: 22.887 GC heap after
Heap after GC invocations=9 (full 0):
 PSYoungGen      total 24064K, used 8384K [0x00000000ec400000, 0x00000000ee680000, 0x0000000100000000)
  eden space 12800K, 0% used [0x00000000ec400000,0x00000000ec400000,0x00000000ed080000)
  from space 11264K, 74% used [0x00000000ed080000,0x00000000ed8b0000,0x00000000edb80000)
  to   space 11264K, 0% used [0x00000000edb80000,0x00000000edb80000,0x00000000ee680000)
 ParOldGen       total 40960K, used 20540K [0x00000000c4c00000, 0x00000000c7400000, 0x00000000ec400000)
  object space 40960K, 50% used [0x00000000c4c00000,0x00000000c600f3c0,0x00000000c7400000)
 Metaspace       used 3782K, capacity 4704K, committed 4864K, reserved 1056768K
  class space    used 416K, capacity 464K, committed 512K, reserved 1048576K
}
Event: 27.462 GC heap before
{Heap before GC invocations=10 (full 0):
 PSYoungGen      total 24064K, used 21184K [0x00000000ec400000, 0x00000000ee680000, 0x0000000100000000)
  eden space 12800K, 100% used [0x00000000ec400000,0x00000000ed080000,0x00000000ed080000)
  from space 11264K, 74% used [0x00000000ed080000,0x00000000ed8b0000,0x00000000edb80000)
  to   space 11264K, 0% used [0x00000000edb80000,0x00000000edb80000,0x00000000ee680000)
 ParOldGen       total 40960K, used 20540K [0x00000000c4c00000, 0x00000000c7400000, 0x00000000ec400000)
  object space 40960K, 50% used [0x00000000c4c00000,0x00000000c600f3c0,0x00000000c7400000)
 Metaspace       used 3782K, capacity 4704K, committed 4864K, reserved 1056768K
  class space    used 416K, capacity 464K, committed 512K, reserved 1048576K
Event: 27.545 GC heap after
Heap after GC invocations=10 (full 0):
 PSYoungGen      total 24064K, used 5824K [0x00000000ec400000, 0x00000000ee680000, 0x0000000100000000)
  eden space 12800K, 0% used [0x00000000ec400000,0x00000000ec400000,0x00000000ed080000)
  from space 11264K, 51% used [0x00000000edb80000,0x00000000ee130000,0x00000000ee680000)
  to   space 11264K, 0% used [0x00000000ed080000,0x00000000ed080000,0x00000000edb80000)
 ParOldGen       total 40960K, used 26020K [0x00000000c4c00000, 0x00000000c7400000, 0x00000000ec400000)
  object space 40960K, 63% used [0x00000000c4c00000,0x00000000c65693c0,0x00000000c7400000)
 Metaspace       used 3782K, capacity 4704K, committed 4864K, reserved 1056768K
  class space    used 416K, capacity 464K, committed 512K, reserved 1048576K
}
Event: 32.146 GC heap before
{Heap before GC invocations=11 (full 0):
 PSYoungGen      total 24064K, used 18624K [0x00000000ec400000, 0x00000000ee680000, 0x0000000100000000)
  eden space 12800K, 100% used [0x00000000ec400000,0x00000000ed080000,0x00000000ed080000)
  from space 11264K, 51% used [0x00000000edb80000,0x00000000ee130000,0x00000000ee680000)
  to   space 11264K, 0% used [0x00000000ed080000,0x00000000ed080000,0x00000000edb80000)
 ParOldGen       total 40960K, used 26020K [0x00000000c4c00000, 0x00000000c7400000, 0x00000000ec400000)
  object space 40960K, 63% used [0x00000000c4c00000,0x00000000c65693c0,0x00000000c7400000)
 Metaspace       used 3782K, capacity 4704K, committed 4864K, reserved 1056768K
  class space    used 416K, capacity 464K, committed 512K, reserved 1048576K
Event: 32.222 GC heap after
Heap after GC invocations=11 (full 0):
 PSYoungGen      total 24064K, used 2912K [0x00000000ec400000, 0x00000000eee00000, 0x0000000100000000)
  eden space 12800K, 0% used [0x00000000ec400000,0x00000000ec400000,0x00000000ed080000)
  from space 11264K, 25% used [0x00000000ed080000,0x00000000ed358000,0x00000000edb80000)
  to   space 11264K, 0% used [0x00000000ee300000,0x00000000ee300000,0x00000000eee00000)
 ParOldGen       total 40960K, used 31852K [0x00000000c4c00000, 0x00000000c7400000, 0x00000000ec400000)
  object space 40960K, 77% used [0x00000000c4c00000,0x00000000c6b1b3c0,0x00000000c7400000)
 Metaspace       used 3782K, capacity 4704K, committed 4864K, reserved 1056768K
  class space    used 416K, capacity 464K, committed 512K, reserved 1048576K
}

