# JRE version: Java(TM) SE Runtime Environment (8.0_111-b14) (build 1.8.0_111-b14)
# Java VM: Java HotSpot(TM) 64-Bit Server VM (25.111-b14 mixed mode linux-amd64 compressed oops)
Heap:
 PSYoungGen      total 695808K, used 606952K [0x00000000d5580000, 0x0000000100000000, 0x0000000100000000)
  eden space 692736K, 87% used [0x00000000d5580000,0x00000000fa6322c0,0x00000000ffa00000)
  from space 3072K, 1% used [0x00000000ffa00000,0x00000000ffa08000,0x00000000ffd00000)
  to   space 3072K, 0% used [0x00000000ffd00000,0x00000000ffd00000,0x0000000100000000)
 ParOldGen       total 1398272K, used 3680K [0x0000000080000000, 0x00000000d5580000, 0x00000000d5580000)
  object space 1398272K, 0% used [0x0000000080000000,0x0000000080398070,0x00000000d5580000)
 Metaspace       used 3759K, capacity 4704K, committed 4864K, reserved 1056768K
  class space    used 419K, capacity 464K, committed 512K, reserved 1048576K
GC Heap History (10 events):
Event: 1.586 GC heap before
{Heap before GC invocations=7 (full 0):
 PSYoungGen      total 696320K, used 696320K [0x00000000d5580000, 0x0000000100000000, 0x0000000100000000)
  eden space 694784K, 100% used [0x00000000d5580000,0x00000000ffc00000,0x00000000ffc00000)
  from space 1536K, 100% used [0x00000000ffe80000,0x0000000100000000,0x0000000100000000)
  to   space 2048K, 0% used [0x00000000ffc00000,0x00000000ffc00000,0x00000000ffe00000)
 ParOldGen       total 1398272K, used 704K [0x0000000080000000, 0x00000000d5580000, 0x00000000d5580000)
  object space 1398272K, 0% used [0x0000000080000000,0x00000000800b0070,0x00000000d5580000)
 Metaspace       used 3740K, capacity 4704K, committed 4864K, reserved 1056768K
  class space    used 417K, capacity 464K, committed 512K, reserved 1048576K
Event: 1.596 GC heap after
Heap after GC invocations=7 (full 0):
 PSYoungGen      total 696832K, used 2048K [0x00000000d5580000, 0x0000000100000000, 0x0000000100000000)
  eden space 694784K, 0% used [0x00000000d5580000,0x00000000d5580000,0x00000000ffc00000)
  from space 2048K, 100% used [0x00000000ffc00000,0x00000000ffe00000,0x00000000ffe00000)
  to   space 2048K, 0% used [0x00000000ffe00000,0x00000000ffe00000,0x0000000100000000)
 ParOldGen       total 1398272K, used 1248K [0x0000000080000000, 0x00000000d5580000, 0x00000000d5580000)
  object space 1398272K, 0% used [0x0000000080000000,0x0000000080138070,0x00000000d5580000)
 Metaspace       used 3740K, capacity 4704K, committed 4864K, reserved 1056768K
  class space    used 417K, capacity 464K, committed 512K, reserved 1048576K
}
Event: 2.002 GC heap before
{Heap before GC invocations=8 (full 0):
 PSYoungGen      total 696832K, used 696832K [0x00000000d5580000, 0x0000000100000000, 0x0000000100000000)
  eden space 694784K, 100% used [0x00000000d5580000,0x00000000ffc00000,0x00000000ffc00000)
  from space 2048K, 100% used [0x00000000ffc00000,0x00000000ffe00000,0x00000000ffe00000)
  to   space 2048K, 0% used [0x00000000ffe00000,0x00000000ffe00000,0x0000000100000000)
 ParOldGen       total 1398272K, used 1248K [0x0000000080000000, 0x00000000d5580000, 0x00000000d5580000)
  object space 1398272K, 0% used [0x0000000080000000,0x0000000080138070,0x00000000d5580000)
 Metaspace       used 3749K, capacity 4704K, committed 4864K, reserved 1056768K
  class space    used 417K, capacity 464K, committed 512K, reserved 1048576K
Event: 2.004 GC heap after
Heap after GC invocations=8 (full 0):
 PSYoungGen      total 694784K, used 1984K [0x00000000d5580000, 0x0000000100000000, 0x0000000100000000)
  eden space 692736K, 0% used [0x00000000d5580000,0x00000000d5580000,0x00000000ffa00000)
  from space 2048K, 96% used [0x00000000ffe00000,0x00000000ffff0000,0x0000000100000000)
  to   space 3072K, 0% used [0x00000000ffa00000,0x00000000ffa00000,0x00000000ffd00000)
 ParOldGen       total 1398272K, used 1368K [0x0000000080000000, 0x00000000d5580000, 0x00000000d5580000)
  object space 1398272K, 0% used [0x0000000080000000,0x0000000080156070,0x00000000d5580000)
 Metaspace       used 3749K, capacity 4704K, committed 4864K, reserved 1056768K
  class space    used 417K, capacity 464K, committed 512K, reserved 1048576K
}
Event: 2.541 GC heap before
{Heap before GC invocations=9 (full 0):
 PSYoungGen      total 694784K, used 694720K [0x00000000d5580000, 0x0000000100000000, 0x0000000100000000)
  eden space 692736K, 100% used [0x00000000d5580000,0x00000000ffa00000,0x00000000ffa00000)
  from space 2048K, 96% used [0x00000000ffe00000,0x00000000ffff0000,0x0000000100000000)
  to   space 3072K, 0% used [0x00000000ffa00000,0x00000000ffa00000,0x00000000ffd00000)
 ParOldGen       total 1398272K, used 1368K [0x0000000080000000, 0x00000000d5580000, 0x00000000d5580000)
  object space 1398272K, 0% used [0x0000000080000000,0x0000000080156070,0x00000000d5580000)
 Metaspace       used 3749K, capacity 4704K, committed 4864K, reserved 1056768K
  class space    used 417K, capacity 464K, committed 512K, reserved 1048576K
Event: 2.543 GC heap after
Heap after GC invocations=9 (full 0):
 PSYoungGen      total 695808K, used 1024K [0x00000000d5580000, 0x0000000100000000, 0x0000000100000000)
  eden space 692736K, 0% used [0x00000000d5580000,0x00000000d5580000,0x00000000ffa00000)
  from space 3072K, 33% used [0x00000000ffa00000,0x00000000ffb00000,0x00000000ffd00000)
  to   space 3072K, 0% used [0x00000000ffd00000,0x00000000ffd00000,0x0000000100000000)
 ParOldGen       total 1398272K, used 2496K [0x0000000080000000, 0x00000000d5580000, 0x00000000d5580000)
  object space 1398272K, 0% used [0x0000000080000000,0x0000000080270070,0x00000000d5580000)
 Metaspace       used 3749K, capacity 4704K, committed 4864K, reserved 1056768K
  class space    used 417K, capacity 464K, committed 512K, reserved 1048576K
}
Event: 3.168 GC heap before
{Heap before GC invocations=10 (full 0):
 PSYoungGen      total 695808K, used 693760K [0x00000000d5580000, 0x0000000100000000, 0x0000000100000000)
  eden space 692736K, 100% used [0x00000000d5580000,0x00000000ffa00000,0x00000000ffa00000)
  from space 3072K, 33% used [0x00000000ffa00000,0x00000000ffb00000,0x00000000ffd00000)
  to   space 3072K, 0% used [0x00000000ffd00000,0x00000000ffd00000,0x0000000100000000)
 ParOldGen       total 1398272K, used 2496K [0x0000000080000000, 0x00000000d5580000, 0x00000000d5580000)
  object space 1398272K, 0% used [0x0000000080000000,0x0000000080270070,0x00000000d5580000)
 Metaspace       used 3749K, capacity 4704K, committed 4864K, reserved 1056768K
  class space    used 417K, capacity 464K, committed 512K, reserved 1048576K
Event: 3.170 GC heap after
Heap after GC invocations=10 (full 0):
 PSYoungGen      total 695808K, used 32K [0x00000000d5580000, 0x0000000100000000, 0x0000000100000000)
  eden space 692736K, 0% used [0x00000000d5580000,0x00000000d5580000,0x00000000ffa00000)
  from space 3072K, 1% used [0x00000000ffd00000,0x00000000ffd08000,0x0000000100000000)
  to   space 3072K, 0% used [0x00000000ffa00000,0x00000000ffa00000,0x00000000ffd00000)
 ParOldGen       total 1398272K, used 3680K [0x0000000080000000, 0x00000000d5580000, 0x00000000d5580000)
  object space 1398272K, 0% used [0x0000000080000000,0x0000000080398070,0x00000000d5580000)
 Metaspace       used 3749K, capacity 4704K, committed 4864K, reserved 1056768K
  class space    used 417K, capacity 464K, committed 512K, reserved 1048576K
}
Event: 3.977 GC heap before
{Heap before GC invocations=11 (full 0):
 PSYoungGen      total 695808K, used 692768K [0x00000000d5580000, 0x0000000100000000, 0x0000000100000000)
  eden space 692736K, 100% used [0x00000000d5580000,0x00000000ffa00000,0x00000000ffa00000)
  from space 3072K, 1% used [0x00000000ffd00000,0x00000000ffd08000,0x0000000100000000)
  to   space 3072K, 0% used [0x00000000ffa00000,0x00000000ffa00000,0x00000000ffd00000)
 ParOldGen       total 1398272K, used 3680K [0x0000000080000000, 0x00000000d5580000, 0x00000000d5580000)
  object space 1398272K, 0% used [0x0000000080000000,0x0000000080398070,0x00000000d5580000)
 Metaspace       used 3749K, capacity 4704K, committed 4864K, reserved 1056768K
  class space    used 417K, capacity 464K, committed 512K, reserved 1048576K
Event: 3.978 GC heap after
Heap after GC invocations=11 (full 0):
 PSYoungGen      total 695808K, used 32K [0x00000000d5580000, 0x0000000100000000, 0x0000000100000000)
  eden space 692736K, 0% used [0x00000000d5580000,0x00000000d5580000,0x00000000ffa00000)
  from space 3072K, 1% used [0x00000000ffa00000,0x00000000ffa08000,0x00000000ffd00000)
  to   space 3072K, 0% used [0x00000000ffd00000,0x00000000ffd00000,0x0000000100000000)
 ParOldGen       total 1398272K, used 3680K [0x0000000080000000, 0x00000000d5580000, 0x00000000d5580000)
  object space 1398272K, 0% used [0x0000000080000000,0x0000000080398070,0x00000000d5580000)
 Metaspace       used 3749K, capacity 4704K, committed 4864K, reserved 1056768K
  class space    used 417K, capacity 464K, committed 512K, reserved 1048576K
}

