# JRE version: Java(TM) SE Runtime Environment (8.0_111-b14) (build 1.8.0_111-b14)
# Java VM: Java HotSpot(TM) 64-Bit Server VM (25.111-b14 mixed mode linux-amd64 compressed oops)
Heap:
 PSYoungGen      total 23552K, used 12307K [0x00000000d5580000, 0x00000000d7600000, 0x0000000100000000)
  eden space 14848K, 49% used [0x00000000d5580000,0x00000000d5cbcc18,0x00000000d6400000)
  from space 8704K, 56% used [0x00000000d6d80000,0x00000000d7248000,0x00000000d7600000)
  to   space 9216K, 0% used [0x00000000d6400000,0x00000000d6400000,0x00000000d6d00000)
 ParOldGen       total 40960K, used 18032K [0x0000000080000000, 0x0000000082800000, 0x00000000d5580000)
  object space 40960K, 44% used [0x0000000080000000,0x000000008119c050,0x0000000082800000)
 Metaspace       used 3757K, capacity 4704K, committed 4864K, reserved 1056768K
  class space    used 417K, capacity 464K, committed 512K, reserved 1048576K
GC Heap History (10 events):
Event: 19.471 GC heap before
{Heap before GC invocations=6 (full 0):
 PSYoungGen      total 17920K, used 17920K [0x00000000d5580000, 0x00000000d7280000, 0x0000000100000000)
  eden space 15360K, 100% used [0x00000000d5580000,0x00000000d6480000,0x00000000d6480000)
  from space 2560K, 100% used [0x00000000d6480000,0x00000000d6700000,0x00000000d6700000)
  to   space 7168K, 0% used [0x00000000d6b80000,0x00000000d6b80000,0x00000000d7280000)
 ParOldGen       total 40960K, used 7888K [0x0000000080000000, 0x0000000082800000, 0x00000000d5580000)
  object space 40960K, 19% used [0x0000000080000000,0x00000000807b4050,0x0000000082800000)
 Metaspace       used 3742K, capacity 4704K, committed 4864K, reserved 1056768K
  class space    used 414K, capacity 464K, committed 512K, reserved 1048576K
Event: 19.485 GC heap after
Heap after GC invocations=6 (full 0):
 PSYoungGen      total 22528K, used 5088K [0x00000000d5580000, 0x00000000d7280000, 0x0000000100000000)
  eden space 15360K, 0% used [0x00000000d5580000,0x00000000d5580000,0x00000000d6480000)
  from space 7168K, 70% used [0x00000000d6b80000,0x00000000d7078000,0x00000000d7280000)
  to   space 7168K, 0% used [0x00000000d6480000,0x00000000d6480000,0x00000000d6b80000)
 ParOldGen       total 40960K, used 7888K [0x0000000080000000, 0x0000000082800000, 0x00000000d5580000)
  object space 40960K, 19% used [0x0000000080000000,0x00000000807b4050,0x0000000082800000)
 Metaspace       used 3742K, capacity 4704K, committed 4864K, reserved 1056768K
  class space    used 414K, capacity 464K, committed 512K, reserved 1048576K
}
Event: 23.873 GC heap before
{Heap before GC invocations=7 (full 0):
 PSYoungGen      total 22528K, used 20448K [0x00000000d5580000, 0x00000000d7280000, 0x0000000100000000)
  eden space 15360K, 100% used [0x00000000d5580000,0x00000000d6480000,0x00000000d6480000)
  from space 7168K, 70% used [0x00000000d6b80000,0x00000000d7078000,0x00000000d7280000)
  to   space 7168K, 0% used [0x00000000d6480000,0x00000000d6480000,0x00000000d6b80000)
 ParOldGen       total 40960K, used 7888K [0x0000000080000000, 0x0000000082800000, 0x00000000d5580000)
  object space 40960K, 19% used [0x0000000080000000,0x00000000807b4050,0x0000000082800000)
 Metaspace       used 3742K, capacity 4704K, committed 4864K, reserved 1056768K
  class space    used 414K, capacity 464K, committed 512K, reserved 1048576K
Event: 23.903 GC heap after
Heap after GC invocations=7 (full 0):
 PSYoungGen      total 22528K, used 6688K [0x00000000d5580000, 0x00000000d7480000, 0x0000000100000000)
  eden space 15360K, 0% used [0x00000000d5580000,0x00000000d5580000,0x00000000d6480000)
  from space 7168K, 93% used [0x00000000d6480000,0x00000000d6b08000,0x00000000d6b80000)
  to   space 8192K, 0% used [0x00000000d6c80000,0x00000000d6c80000,0x00000000d7480000)
 ParOldGen       total 40960K, used 8760K [0x0000000080000000, 0x0000000082800000, 0x00000000d5580000)
  object space 40960K, 21% used [0x0000000080000000,0x000000008088e050,0x0000000082800000)
 Metaspace       used 3742K, capacity 4704K, committed 4864K, reserved 1056768K
  class space    used 414K, capacity 464K, committed 512K, reserved 1048576K
}
Event: 29.251 GC heap before
{Heap before GC invocations=8 (full 0):
 PSYoungGen      total 22528K, used 22048K [0x00000000d5580000, 0x00000000d7480000, 0x0000000100000000)
  eden space 15360K, 100% used [0x00000000d5580000,0x00000000d6480000,0x00000000d6480000)
  from space 7168K, 93% used [0x00000000d6480000,0x00000000d6b08000,0x00000000d6b80000)
  to   space 8192K, 0% used [0x00000000d6c80000,0x00000000d6c80000,0x00000000d7480000)
 ParOldGen       total 40960K, used 8760K [0x0000000080000000, 0x0000000082800000, 0x00000000d5580000)
  object space 40960K, 21% used [0x0000000080000000,0x000000008088e050,0x0000000082800000)
 Metaspace       used 3742K, capacity 4704K, committed 4864K, reserved 1056768K
  class space    used 414K, capacity 464K, committed 512K, reserved 1048576K
Event: 29.280 GC heap after
Heap after GC invocations=8 (full 0):
 PSYoungGen      total 23040K, used 7584K [0x00000000d5580000, 0x00000000d7580000, 0x0000000100000000)
  eden space 14848K, 0% used [0x00000000d5580000,0x00000000d5580000,0x00000000d6400000)
  from space 8192K, 92% used [0x00000000d6c80000,0x00000000d73e8000,0x00000000d7480000)
  to   space 8704K, 0% used [0x00000000d6400000,0x00000000d6400000,0x00000000d6c80000)
 ParOldGen       total 40960K, used 10408K [0x0000000080000000, 0x0000000082800000, 0x00000000d5580000)
  object space 40960K, 25% used [0x0000000080000000,0x0000000080a2a050,0x0000000082800000)
 Metaspace       used 3742K, capacity 4704K, committed 4864K, reserved 1056768K
  class space    used 414K, capacity 464K, committed 512K, reserved 1048576K
}
Event: 33.398 GC heap before
{Heap before GC invocations=9 (full 0):
 PSYoungGen      total 23040K, used 22432K [0x00000000d5580000, 0x00000000d7580000, 0x0000000100000000)
  eden space 14848K, 100% used [0x00000000d5580000,0x00000000d6400000,0x00000000d6400000)
  from space 8192K, 92% used [0x00000000d6c80000,0x00000000d73e8000,0x00000000d7480000)
  to   space 8704K, 0% used [0x00000000d6400000,0x00000000d6400000,0x00000000d6c80000)
 ParOldGen       total 40960K, used 10408K [0x0000000080000000, 0x0000000082800000, 0x00000000d5580000)
  object space 40960K, 25% used [0x0000000080000000,0x0000000080a2a050,0x0000000082800000)
 Metaspace       used 3742K, capacity 4704K, committed 4864K, reserved 1056768K
  class space    used 414K, capacity 464K, committed 512K, reserved 1048576K
Event: 33.417 GC heap after
Heap after GC invocations=9 (full 0):
 PSYoungGen      total 23552K, used 7520K [0x00000000d5580000, 0x00000000d7700000, 0x0000000100000000)
  eden space 14848K, 0% used [0x00000000d5580000,0x00000000d5580000,0x00000000d6400000)
  from space 8704K, 86% used [0x00000000d6400000,0x00000000d6b58000,0x00000000d6c80000)
  to   space 9728K, 0% used [0x00000000d6d80000,0x00000000d6d80000,0x00000000d7700000)
 ParOldGen       total 40960K, used 12984K [0x0000000080000000, 0x0000000082800000, 0x00000000d5580000)
  object space 40960K, 31% used [0x0000000080000000,0x0000000080cae050,0x0000000082800000)
 Metaspace       used 3742K, capacity 4704K, committed 4864K, reserved 1056768K
  class space    used 414K, capacity 464K, committed 512K, reserved 1048576K
}
Event: 36.280 GC heap before
{Heap before GC invocations=10 (full 0):
 PSYoungGen      total 23552K, used 22368K [0x00000000d5580000, 0x00000000d7700000, 0x0000000100000000)
  eden space 14848K, 100% used [0x00000000d5580000,0x00000000d6400000,0x00000000d6400000)
  from space 8704K, 86% used [0x00000000d6400000,0x00000000d6b58000,0x00000000d6c80000)
  to   space 9728K, 0% used [0x00000000d6d80000,0x00000000d6d80000,0x00000000d7700000)
 ParOldGen       total 40960K, used 12984K [0x0000000080000000, 0x0000000082800000, 0x00000000d5580000)
  object space 40960K, 31% used [0x0000000080000000,0x0000000080cae050,0x0000000082800000)
 Metaspace       used 3742K, capacity 4704K, committed 4864K, reserved 1056768K
  class space    used 414K, capacity 464K, committed 512K, reserved 1048576K
Event: 36.300 GC heap after
Heap after GC invocations=10 (full 0):
 PSYoungGen      total 23552K, used 4896K [0x00000000d5580000, 0x00000000d7600000, 0x0000000100000000)
  eden space 14848K, 0% used [0x00000000d5580000,0x00000000d5580000,0x00000000d6400000)
  from space 8704K, 56% used [0x00000000d6d80000,0x00000000d7248000,0x00000000d7600000)
  to   space 9216K, 0% used [0x00000000d6400000,0x00000000d6400000,0x00000000d6d00000)
 ParOldGen       total 40960K, used 18032K [0x0000000080000000, 0x0000000082800000, 0x00000000d5580000)
  object space 40960K, 44% used [0x0000000080000000,0x000000008119c050,0x0000000082800000)
 Metaspace       used 3742K, capacity 4704K, committed 4864K, reserved 1056768K
  class space    used 414K, capacity 464K, committed 512K, reserved 1048576K
}

