# JRE version: Java(TM) SE Runtime Environment (7.0_80-b15) (build 1.7.0_80-b15)
# Java VM: Java HotSpot(TM) 64-Bit Server VM (24.80-b11 mixed mode linux-amd64 compressed oops)
Heap
 PSYoungGen      total 250368K, used 61203K [0x00000000ec400000, 0x0000000100000000, 0x0000000100000000)
  eden space 177152K, 10% used [0x00000000ec400000,0x00000000ed634c18,0x00000000f7100000)
  from space 73216K, 58% used [0x00000000f7100000,0x00000000f9a90000,0x00000000fb880000)
  to   space 73216K, 0% used [0x00000000fb880000,0x00000000fb880000,0x0000000100000000)
 ParOldGen       total 58368K, used 44693K [0x00000000c4c00000, 0x00000000c8500000, 0x00000000ec400000)
  object space 58368K, 76% used [0x00000000c4c00000,0x00000000c77a56a0,0x00000000c8500000)
 PSPermGen       total 21504K, used 3587K [0x00000000bfa00000, 0x00000000c0f00000, 0x00000000c4c00000)
  object space 21504K, 16% used [0x00000000bfa00000,0x00000000bfd80d28,0x00000000c0f00000)
GC Heap History (10 events):
Event: 172.815 GC heap before
{Heap before GC invocations=20 (full 1):
 PSYoungGen      total 257024K, used 257024K [0x00000000ec400000, 0x0000000100000000, 0x0000000100000000)
  eden space 206848K, 100% used [0x00000000ec400000,0x00000000f8e00000,0x00000000f8e00000)
  from space 50176K, 100% used [0x00000000fcf00000,0x0000000100000000,0x0000000100000000)
  to   space 58368K, 0% used [0x00000000f8e00000,0x00000000f8e00000,0x00000000fc700000)
 ParOldGen       total 58368K, used 44605K [0x00000000c4c00000, 0x00000000c8500000, 0x00000000ec400000)
  object space 58368K, 76% used [0x00000000c4c00000,0x00000000c778f6a0,0x00000000c8500000)
 PSPermGen       total 21504K, used 3575K [0x00000000bfa00000, 0x00000000c0f00000, 0x00000000c4c00000)
  object space 21504K, 16% used [0x00000000bfa00000,0x00000000bfd7dd00,0x00000000c0f00000)
Event: 172.947 GC heap after
Heap after GC invocations=20 (full 1):
 PSYoungGen      total 256512K, used 49440K [0x00000000ec400000, 0x0000000100000000, 0x0000000100000000)
  eden space 206848K, 0% used [0x00000000ec400000,0x00000000ec400000,0x00000000f8e00000)
  from space 49664K, 99% used [0x00000000f8e00000,0x00000000fbe48000,0x00000000fbe80000)
  to   space 65024K, 0% used [0x00000000fc080000,0x00000000fc080000,0x0000000100000000)
 ParOldGen       total 58368K, used 44621K [0x00000000c4c00000, 0x00000000c8500000, 0x00000000ec400000)
  object space 58368K, 76% used [0x00000000c4c00000,0x00000000c77936a0,0x00000000c8500000)
 PSPermGen       total 21504K, used 3575K [0x00000000bfa00000, 0x00000000c0f00000, 0x00000000c4c00000)
  object space 21504K, 16% used [0x00000000bfa00000,0x00000000bfd7dd00,0x00000000c0f00000)
}
Event: 191.008 GC heap before
{Heap before GC invocations=21 (full 1):
 PSYoungGen      total 256512K, used 256288K [0x00000000ec400000, 0x0000000100000000, 0x0000000100000000)
  eden space 206848K, 100% used [0x00000000ec400000,0x00000000f8e00000,0x00000000f8e00000)
  from space 49664K, 99% used [0x00000000f8e00000,0x00000000fbe48000,0x00000000fbe80000)
  to   space 65024K, 0% used [0x00000000fc080000,0x00000000fc080000,0x0000000100000000)
 ParOldGen       total 58368K, used 44621K [0x00000000c4c00000, 0x00000000c8500000, 0x00000000ec400000)
  object space 58368K, 76% used [0x00000000c4c00000,0x00000000c77936a0,0x00000000c8500000)
 PSPermGen       total 21504K, used 3575K [0x00000000bfa00000, 0x00000000c0f00000, 0x00000000c4c00000)
  object space 21504K, 16% used [0x00000000bfa00000,0x00000000bfd7dd00,0x00000000c0f00000)
Event: 191.123 GC heap after
Heap after GC invocations=21 (full 1):
 PSYoungGen      total 248320K, used 49440K [0x00000000ec400000, 0x0000000100000000, 0x0000000100000000)
  eden space 183296K, 0% used [0x00000000ec400000,0x00000000ec400000,0x00000000f7700000)
  from space 65024K, 76% used [0x00000000fc080000,0x00000000ff0c8000,0x0000000100000000)
  to   space 70144K, 0% used [0x00000000f7700000,0x00000000f7700000,0x00000000fbb80000)
 ParOldGen       total 58368K, used 44645K [0x00000000c4c00000, 0x00000000c8500000, 0x00000000ec400000)
  object space 58368K, 76% used [0x00000000c4c00000,0x00000000c77996a0,0x00000000c8500000)
 PSPermGen       total 21504K, used 3575K [0x00000000bfa00000, 0x00000000c0f00000, 0x00000000c4c00000)
  object space 21504K, 16% used [0x00000000bfa00000,0x00000000bfd7dd00,0x00000000c0f00000)
}
Event: 207.253 GC heap before
{Heap before GC invocations=22 (full 1):
 PSYoungGen      total 248320K, used 232736K [0x00000000ec400000, 0x0000000100000000, 0x0000000100000000)
  eden space 183296K, 100% used [0x00000000ec400000,0x00000000f7700000,0x00000000f7700000)
  from space 65024K, 76% used [0x00000000fc080000,0x00000000ff0c8000,0x0000000100000000)
  to   space 70144K, 0% used [0x00000000f7700000,0x00000000f7700000,0x00000000fbb80000)
 ParOldGen       total 58368K, used 44645K [0x00000000c4c00000, 0x00000000c8500000, 0x00000000ec400000)
  object space 58368K, 76% used [0x00000000c4c00000,0x00000000c77996a0,0x00000000c8500000)
 PSPermGen       total 21504K, used 3575K [0x00000000bfa00000, 0x00000000c0f00000, 0x00000000c4c00000)
  object space 21504K, 16% used [0x00000000bfa00000,0x00000000bfd7dd00,0x00000000c0f00000)
Event: 207.370 GC heap after
Heap after GC invocations=22 (full 1):
 PSYoungGen      total 227840K, used 44064K [0x00000000ec400000, 0x0000000100000000, 0x0000000100000000)
  eden space 183296K, 0% used [0x00000000ec400000,0x00000000ec400000,0x00000000f7700000)
  from space 44544K, 98% used [0x00000000f7700000,0x00000000fa208000,0x00000000fa280000)
  to   space 72192K, 0% used [0x00000000fb980000,0x00000000fb980000,0x0000000100000000)
 ParOldGen       total 58368K, used 44661K [0x00000000c4c00000, 0x00000000c8500000, 0x00000000ec400000)
  object space 58368K, 76% used [0x00000000c4c00000,0x00000000c779d6a0,0x00000000c8500000)
 PSPermGen       total 21504K, used 3575K [0x00000000bfa00000, 0x00000000c0f00000, 0x00000000c4c00000)
  object space 21504K, 16% used [0x00000000bfa00000,0x00000000bfd7dd00,0x00000000c0f00000)
}
Event: 224.339 GC heap before
{Heap before GC invocations=23 (full 1):
 PSYoungGen      total 227840K, used 227360K [0x00000000ec400000, 0x0000000100000000, 0x0000000100000000)
  eden space 183296K, 100% used [0x00000000ec400000,0x00000000f7700000,0x00000000f7700000)
  from space 44544K, 98% used [0x00000000f7700000,0x00000000fa208000,0x00000000fa280000)
  to   space 72192K, 0% used [0x00000000fb980000,0x00000000fb980000,0x0000000100000000)
 ParOldGen       total 58368K, used 44661K [0x00000000c4c00000, 0x00000000c8500000, 0x00000000ec400000)
  object space 58368K, 76% used [0x00000000c4c00000,0x00000000c779d6a0,0x00000000c8500000)
 PSPermGen       total 21504K, used 3575K [0x00000000bfa00000, 0x00000000c0f00000, 0x00000000c4c00000)
  object space 21504K, 16% used [0x00000000bfa00000,0x00000000bfd7dd00,0x00000000c0f00000)
Event: 224.446 GC heap after
Heap after GC invocations=23 (full 1):
 PSYoungGen      total 249344K, used 44064K [0x00000000ec400000, 0x0000000100000000, 0x0000000100000000)
  eden space 177152K, 0% used [0x00000000ec400000,0x00000000ec400000,0x00000000f7100000)
  from space 72192K, 61% used [0x00000000fb980000,0x00000000fe488000,0x0000000100000000)
  to   space 73216K, 0% used [0x00000000f7100000,0x00000000f7100000,0x00000000fb880000)
 ParOldGen       total 58368K, used 44677K [0x00000000c4c00000, 0x00000000c8500000, 0x00000000ec400000)
  object space 58368K, 76% used [0x00000000c4c00000,0x00000000c77a16a0,0x00000000c8500000)
 PSPermGen       total 21504K, used 3575K [0x00000000bfa00000, 0x00000000c0f00000, 0x00000000c4c00000)
  object space 21504K, 16% used [0x00000000bfa00000,0x00000000bfd7dd00,0x00000000c0f00000)
}
Event: 241.018 GC heap before
{Heap before GC invocations=24 (full 1):
 PSYoungGen      total 249344K, used 221216K [0x00000000ec400000, 0x0000000100000000, 0x0000000100000000)
  eden space 177152K, 100% used [0x00000000ec400000,0x00000000f7100000,0x00000000f7100000)
  from space 72192K, 61% used [0x00000000fb980000,0x00000000fe488000,0x0000000100000000)
  to   space 73216K, 0% used [0x00000000f7100000,0x00000000f7100000,0x00000000fb880000)
 ParOldGen       total 58368K, used 44677K [0x00000000c4c00000, 0x00000000c8500000, 0x00000000ec400000)
  object space 58368K, 76% used [0x00000000c4c00000,0x00000000c77a16a0,0x00000000c8500000)
 PSPermGen       total 21504K, used 3575K [0x00000000bfa00000, 0x00000000c0f00000, 0x00000000c4c00000)
  object space 21504K, 16% used [0x00000000bfa00000,0x00000000bfd7dd00,0x00000000c0f00000)
Event: 241.112 GC heap after
Heap after GC invocations=24 (full 1):
 PSYoungGen      total 250368K, used 42560K [0x00000000ec400000, 0x0000000100000000, 0x0000000100000000)
  eden space 177152K, 0% used [0x00000000ec400000,0x00000000ec400000,0x00000000f7100000)
  from space 73216K, 58% used [0x00000000f7100000,0x00000000f9a90000,0x00000000fb880000)
  to   space 73216K, 0% used [0x00000000fb880000,0x00000000fb880000,0x0000000100000000)
 ParOldGen       total 58368K, used 44693K [0x00000000c4c00000, 0x00000000c8500000, 0x00000000ec400000)
  object space 58368K, 76% used [0x00000000c4c00000,0x00000000c77a56a0,0x00000000c8500000)
 PSPermGen       total 21504K, used 3575K [0x00000000bfa00000, 0x00000000c0f00000, 0x00000000c4c00000)
  object space 21504K, 16% used [0x00000000bfa00000,0x00000000bfd7dd00,0x00000000c0f00000)
}

