# JRE version: Java(TM) SE Runtime Environment (8.0_111-b14) (build 1.8.0_111-b14)
# Java VM: Java HotSpot(TM) 64-Bit Server VM (25.111-b14 mixed mode linux-amd64 compressed oops)
Heap:
 PSYoungGen      total 22016K, used 12405K [0x00000000d5580000, 0x00000000d7980000, 0x0000000100000000)
  eden space 13312K, 27% used [0x00000000d5580000,0x00000000d591d668,0x00000000d6280000)
  from space 8704K, 100% used [0x00000000d6d00000,0x00000000d7580000,0x00000000d7580000)
  to   space 10752K, 0% used [0x00000000d6280000,0x00000000d6280000,0x00000000d6d00000)
 ParOldGen       total 40960K, used 14708K [0x0000000080000000, 0x0000000082800000, 0x00000000d5580000)
  object space 40960K, 35% used [0x0000000080000000,0x0000000080e5d060,0x0000000082800000)
 Metaspace       used 3757K, capacity 4704K, committed 4864K, reserved 1056768K
  class space    used 417K, capacity 464K, committed 512K, reserved 1048576K
GC Heap History (10 events):
Event: 13.412 GC heap before
{Heap before GC invocations=4 (full 0):
 PSYoungGen      total 17920K, used 17920K [0x00000000d5580000, 0x00000000d6980000, 0x0000000100000000)
  eden space 15360K, 100% used [0x00000000d5580000,0x00000000d6480000,0x00000000d6480000)
  from space 2560K, 100% used [0x00000000d6480000,0x00000000d6700000,0x00000000d6700000)
  to   space 2560K, 0% used [0x00000000d6700000,0x00000000d6700000,0x00000000d6980000)
 ParOldGen       total 40960K, used 4992K [0x0000000080000000, 0x0000000082800000, 0x00000000d5580000)
  object space 40960K, 12% used [0x0000000080000000,0x00000000804e0030,0x0000000082800000)
 Metaspace       used 3742K, capacity 4704K, committed 4864K, reserved 1056768K
  class space    used 414K, capacity 464K, committed 512K, reserved 1048576K
Event: 13.427 GC heap after
Heap after GC invocations=4 (full 0):
 PSYoungGen      total 17920K, used 2560K [0x00000000d5580000, 0x00000000d6980000, 0x0000000100000000)
  eden space 15360K, 0% used [0x00000000d5580000,0x00000000d5580000,0x00000000d6480000)
  from space 2560K, 100% used [0x00000000d6700000,0x00000000d6980000,0x00000000d6980000)
  to   space 2560K, 0% used [0x00000000d6480000,0x00000000d6480000,0x00000000d6700000)
 ParOldGen       total 40960K, used 8204K [0x0000000080000000, 0x0000000082800000, 0x00000000d5580000)
  object space 40960K, 20% used [0x0000000080000000,0x0000000080803040,0x0000000082800000)
 Metaspace       used 3742K, capacity 4704K, committed 4864K, reserved 1056768K
  class space    used 414K, capacity 464K, committed 512K, reserved 1048576K
}
Event: 16.851 GC heap before
{Heap before GC invocations=5 (full 0):
 PSYoungGen      total 17920K, used 17920K [0x00000000d5580000, 0x00000000d6980000, 0x0000000100000000)
  eden space 15360K, 100% used [0x00000000d5580000,0x00000000d6480000,0x00000000d6480000)
  from space 2560K, 100% used [0x00000000d6700000,0x00000000d6980000,0x00000000d6980000)
  to   space 2560K, 0% used [0x00000000d6480000,0x00000000d6480000,0x00000000d6700000)
 ParOldGen       total 40960K, used 8204K [0x0000000080000000, 0x0000000082800000, 0x00000000d5580000)
  object space 40960K, 20% used [0x0000000080000000,0x0000000080803040,0x0000000082800000)
 Metaspace       used 3742K, capacity 4704K, committed 4864K, reserved 1056768K
  class space    used 414K, capacity 464K, committed 512K, reserved 1048576K
Event: 16.863 GC heap after
Heap after GC invocations=5 (full 0):
 PSYoungGen      total 17920K, used 2560K [0x00000000d5580000, 0x00000000d7380000, 0x0000000100000000)
  eden space 15360K, 0% used [0x00000000d5580000,0x00000000d5580000,0x00000000d6480000)
  from space 2560K, 100% used [0x00000000d6480000,0x00000000d6700000,0x00000000d6700000)
  to   space 7680K, 0% used [0x00000000d6c00000,0x00000000d6c00000,0x00000000d7380000)
 ParOldGen       total 40960K, used 11212K [0x0000000080000000, 0x0000000082800000, 0x00000000d5580000)
  object space 40960K, 27% used [0x0000000080000000,0x0000000080af3060,0x0000000082800000)
 Metaspace       used 3742K, capacity 4704K, committed 4864K, reserved 1056768K
  class space    used 414K, capacity 464K, committed 512K, reserved 1048576K
}
Event: 19.800 GC heap before
{Heap before GC invocations=6 (full 0):
 PSYoungGen      total 17920K, used 17920K [0x00000000d5580000, 0x00000000d7380000, 0x0000000100000000)
  eden space 15360K, 100% used [0x00000000d5580000,0x00000000d6480000,0x00000000d6480000)
  from space 2560K, 100% used [0x00000000d6480000,0x00000000d6700000,0x00000000d6700000)
  to   space 7680K, 0% used [0x00000000d6c00000,0x00000000d6c00000,0x00000000d7380000)
 ParOldGen       total 40960K, used 11212K [0x0000000080000000, 0x0000000082800000, 0x00000000d5580000)
  object space 40960K, 27% used [0x0000000080000000,0x0000000080af3060,0x0000000082800000)
 Metaspace       used 3742K, capacity 4704K, committed 4864K, reserved 1056768K
  class space    used 414K, capacity 464K, committed 512K, reserved 1048576K
Event: 19.816 GC heap after
Heap after GC invocations=6 (full 0):
 PSYoungGen      total 23040K, used 5600K [0x00000000d5580000, 0x00000000d7380000, 0x0000000100000000)
  eden space 15360K, 0% used [0x00000000d5580000,0x00000000d5580000,0x00000000d6480000)
  from space 7680K, 72% used [0x00000000d6c00000,0x00000000d7178000,0x00000000d7380000)
  to   space 7680K, 0% used [0x00000000d6480000,0x00000000d6480000,0x00000000d6c00000)
 ParOldGen       total 40960K, used 11212K [0x0000000080000000, 0x0000000082800000, 0x00000000d5580000)
  object space 40960K, 27% used [0x0000000080000000,0x0000000080af3060,0x0000000082800000)
 Metaspace       used 3742K, capacity 4704K, committed 4864K, reserved 1056768K
  class space    used 414K, capacity 464K, committed 512K, reserved 1048576K
}
Event: 23.163 GC heap before
{Heap before GC invocations=7 (full 0):
 PSYoungGen      total 23040K, used 20960K [0x00000000d5580000, 0x00000000d7380000, 0x0000000100000000)
  eden space 15360K, 100% used [0x00000000d5580000,0x00000000d6480000,0x00000000d6480000)
  from space 7680K, 72% used [0x00000000d6c00000,0x00000000d7178000,0x00000000d7380000)
  to   space 7680K, 0% used [0x00000000d6480000,0x00000000d6480000,0x00000000d6c00000)
 ParOldGen       total 40960K, used 11212K [0x0000000080000000, 0x0000000082800000, 0x00000000d5580000)
  object space 40960K, 27% used [0x0000000080000000,0x0000000080af3060,0x0000000082800000)
 Metaspace       used 3742K, capacity 4704K, committed 4864K, reserved 1056768K
  class space    used 414K, capacity 464K, committed 512K, reserved 1048576K
Event: 23.187 GC heap after
Heap after GC invocations=7 (full 0):
 PSYoungGen      total 23040K, used 7168K [0x00000000d5580000, 0x00000000d7580000, 0x0000000100000000)
  eden space 15360K, 0% used [0x00000000d5580000,0x00000000d5580000,0x00000000d6480000)
  from space 7680K, 93% used [0x00000000d6480000,0x00000000d6b80000,0x00000000d6c00000)
  to   space 8704K, 0% used [0x00000000d6d00000,0x00000000d6d00000,0x00000000d7580000)
 ParOldGen       total 40960K, used 12796K [0x0000000080000000, 0x0000000082800000, 0x00000000d5580000)
  object space 40960K, 31% used [0x0000000080000000,0x0000000080c7f060,0x0000000082800000)
 Metaspace       used 3742K, capacity 4704K, committed 4864K, reserved 1056768K
  class space    used 414K, capacity 464K, committed 512K, reserved 1048576K
}
Event: 27.153 GC heap before
{Heap before GC invocations=8 (full 0):
 PSYoungGen      total 23040K, used 22528K [0x00000000d5580000, 0x00000000d7580000, 0x0000000100000000)
  eden space 15360K, 100% used [0x00000000d5580000,0x00000000d6480000,0x00000000d6480000)
  from space 7680K, 93% used [0x00000000d6480000,0x00000000d6b80000,0x00000000d6c00000)
  to   space 8704K, 0% used [0x00000000d6d00000,0x00000000d6d00000,0x00000000d7580000)
 ParOldGen       total 40960K, used 12796K [0x0000000080000000, 0x0000000082800000, 0x00000000d5580000)
  object space 40960K, 31% used [0x0000000080000000,0x0000000080c7f060,0x0000000082800000)
 Metaspace       used 3742K, capacity 4704K, committed 4864K, reserved 1056768K
  class space    used 414K, capacity 464K, committed 512K, reserved 1048576K
Event: 27.174 GC heap after
Heap after GC invocations=8 (full 0):
 PSYoungGen      total 22016K, used 8704K [0x00000000d5580000, 0x00000000d7980000, 0x0000000100000000)
  eden space 13312K, 0% used [0x00000000d5580000,0x00000000d5580000,0x00000000d6280000)
  from space 8704K, 100% used [0x00000000d6d00000,0x00000000d7580000,0x00000000d7580000)
  to   space 10752K, 0% used [0x00000000d6280000,0x00000000d6280000,0x00000000d6d00000)
 ParOldGen       total 40960K, used 14708K [0x0000000080000000, 0x0000000082800000, 0x00000000d5580000)
  object space 40960K, 35% used [0x0000000080000000,0x0000000080e5d060,0x0000000082800000)
 Metaspace       used 3742K, capacity 4704K, committed 4864K, reserved 1056768K
  class space    used 414K, capacity 464K, committed 512K, reserved 1048576K
}

