# JRE version: Java(TM) SE Runtime Environment (8.0_111-b14) (build 1.8.0_111-b14)
# Java VM: Java HotSpot(TM) 64-Bit Server VM (25.111-b14 mixed mode linux-amd64 compressed oops)
Heap:
 PSYoungGen      total 630784K, used 108578K [0x00000000d5580000, 0x0000000100000000, 0x0000000100000000)
  eden space 628224K, 16% used [0x00000000d5580000,0x00000000dbd18a40,0x00000000fbb00000)
  from space 2560K, 97% used [0x00000000fbb00000,0x00000000fbd70000,0x00000000fbd80000)
  to   space 3072K, 0% used [0x00000000ffd00000,0x00000000ffd00000,0x0000000100000000)
 ParOldGen       total 40960K, used 4620K [0x0000000080000000, 0x0000000082800000, 0x00000000d5580000)
  object space 40960K, 11% used [0x0000000080000000,0x0000000080483060,0x0000000082800000)
 Metaspace       used 3745K, capacity 4704K, committed 4864K, reserved 1056768K
  class space    used 415K, capacity 464K, committed 512K, reserved 1048576K
GC Heap History (10 events):
Event: 0.381 GC heap before
{Heap before GC invocations=9 (full 0):
 PSYoungGen      total 246784K, used 246010K [0x00000000d5580000, 0x00000000e4780000, 0x0000000100000000)
  eden space 245760K, 100% used [0x00000000d5580000,0x00000000e4580000,0x00000000e4580000)
  from space 1024K, 24% used [0x00000000e4680000,0x00000000e46bea80,0x00000000e4780000)
  to   space 1024K, 0% used [0x00000000e4580000,0x00000000e4580000,0x00000000e4680000)
 ParOldGen       total 40960K, used 336K [0x0000000080000000, 0x0000000082800000, 0x00000000d5580000)
  object space 40960K, 0% used [0x0000000080000000,0x0000000080054050,0x0000000082800000)
 Metaspace       used 3597K, capacity 4606K, committed 4864K, reserved 1056768K
  class space    used 405K, capacity 430K, committed 512K, reserved 1048576K
Event: 0.384 GC heap after
Heap after GC invocations=9 (full 0):
 PSYoungGen      total 246784K, used 320K [0x00000000d5580000, 0x00000000ed780000, 0x0000000100000000)
  eden space 245760K, 0% used [0x00000000d5580000,0x00000000d5580000,0x00000000e4580000)
  from space 1024K, 31% used [0x00000000e4580000,0x00000000e45d0000,0x00000000e4680000)
  to   space 1024K, 0% used [0x00000000ed680000,0x00000000ed680000,0x00000000ed780000)
 ParOldGen       total 40960K, used 344K [0x0000000080000000, 0x0000000082800000, 0x00000000d5580000)
  object space 40960K, 0% used [0x0000000080000000,0x0000000080056050,0x0000000082800000)
 Metaspace       used 3597K, capacity 4606K, committed 4864K, reserved 1056768K
  class space    used 405K, capacity 430K, committed 512K, reserved 1048576K
}
Event: 0.519 GC heap before
{Heap before GC invocations=10 (full 0):
 PSYoungGen      total 246784K, used 246080K [0x00000000d5580000, 0x00000000ed780000, 0x0000000100000000)
  eden space 245760K, 100% used [0x00000000d5580000,0x00000000e4580000,0x00000000e4580000)
  from space 1024K, 31% used [0x00000000e4580000,0x00000000e45d0000,0x00000000e4680000)
  to   space 1024K, 0% used [0x00000000ed680000,0x00000000ed680000,0x00000000ed780000)
 ParOldGen       total 40960K, used 344K [0x0000000080000000, 0x0000000082800000, 0x00000000d5580000)
  object space 40960K, 0% used [0x0000000080000000,0x0000000080056050,0x0000000082800000)
 Metaspace       used 3692K, capacity 4640K, committed 4864K, reserved 1056768K
  class space    used 414K, capacity 464K, committed 512K, reserved 1048576K
Event: 0.522 GC heap after
Heap after GC invocations=10 (full 0):
 PSYoungGen      total 394240K, used 672K [0x00000000d5580000, 0x00000000ed780000, 0x0000000100000000)
  eden space 393216K, 0% used [0x00000000d5580000,0x00000000d5580000,0x00000000ed580000)
  from space 1024K, 65% used [0x00000000ed680000,0x00000000ed728000,0x00000000ed780000)
  to   space 1024K, 0% used [0x00000000ed580000,0x00000000ed580000,0x00000000ed680000)
 ParOldGen       total 40960K, used 352K [0x0000000080000000, 0x0000000082800000, 0x00000000d5580000)
  object space 40960K, 0% used [0x0000000080000000,0x0000000080058050,0x0000000082800000)
 Metaspace       used 3692K, capacity 4640K, committed 4864K, reserved 1056768K
  class space    used 414K, capacity 464K, committed 512K, reserved 1048576K
}
Event: 0.638 GC heap before
{Heap before GC invocations=11 (full 0):
 PSYoungGen      total 394240K, used 393888K [0x00000000d5580000, 0x00000000ed780000, 0x0000000100000000)
  eden space 393216K, 100% used [0x00000000d5580000,0x00000000ed580000,0x00000000ed580000)
  from space 1024K, 65% used [0x00000000ed680000,0x00000000ed728000,0x00000000ed780000)
  to   space 1024K, 0% used [0x00000000ed580000,0x00000000ed580000,0x00000000ed680000)
 ParOldGen       total 40960K, used 352K [0x0000000080000000, 0x0000000082800000, 0x00000000d5580000)
  object space 40960K, 0% used [0x0000000080000000,0x0000000080058050,0x0000000082800000)
 Metaspace       used 3699K, capacity 4640K, committed 4864K, reserved 1056768K
  class space    used 414K, capacity 464K, committed 512K, reserved 1048576K
Event: 0.642 GC heap after
Heap after GC invocations=11 (full 0):
 PSYoungGen      total 394240K, used 1024K [0x00000000d5580000, 0x00000000fbf00000, 0x0000000100000000)
  eden space 393216K, 0% used [0x00000000d5580000,0x00000000d5580000,0x00000000ed580000)
  from space 1024K, 100% used [0x00000000ed580000,0x00000000ed680000,0x00000000ed680000)
  to   space 1536K, 0% used [0x00000000fbd80000,0x00000000fbd80000,0x00000000fbf00000)
 ParOldGen       total 40960K, used 1492K [0x0000000080000000, 0x0000000082800000, 0x00000000d5580000)
  object space 40960K, 3% used [0x0000000080000000,0x0000000080175060,0x0000000082800000)
 Metaspace       used 3699K, capacity 4640K, committed 4864K, reserved 1056768K
  class space    used 414K, capacity 464K, committed 512K, reserved 1048576K
}
Event: 0.751 GC heap before
{Heap before GC invocations=12 (full 0):
 PSYoungGen      total 394240K, used 394240K [0x00000000d5580000, 0x00000000fbf00000, 0x0000000100000000)
  eden space 393216K, 100% used [0x00000000d5580000,0x00000000ed580000,0x00000000ed580000)
  from space 1024K, 100% used [0x00000000ed580000,0x00000000ed680000,0x00000000ed680000)
  to   space 1536K, 0% used [0x00000000fbd80000,0x00000000fbd80000,0x00000000fbf00000)
 ParOldGen       total 40960K, used 1492K [0x0000000080000000, 0x0000000082800000, 0x00000000d5580000)
  object space 40960K, 3% used [0x0000000080000000,0x0000000080175060,0x0000000082800000)
 Metaspace       used 3708K, capacity 4640K, committed 4864K, reserved 1056768K
  class space    used 414K, capacity 464K, committed 512K, reserved 1048576K
Event: 0.756 GC heap after
Heap after GC invocations=12 (full 0):
 PSYoungGen      total 629760K, used 1536K [0x00000000d5580000, 0x00000000fc100000, 0x0000000100000000)
  eden space 628224K, 0% used [0x00000000d5580000,0x00000000d5580000,0x00000000fbb00000)
  from space 1536K, 100% used [0x00000000fbd80000,0x00000000fbf00000,0x00000000fbf00000)
  to   space 2560K, 0% used [0x00000000fbb00000,0x00000000fbb00000,0x00000000fbd80000)
 ParOldGen       total 40960K, used 2828K [0x0000000080000000, 0x0000000082800000, 0x00000000d5580000)
  object space 40960K, 6% used [0x0000000080000000,0x00000000802c3060,0x0000000082800000)
 Metaspace       used 3708K, capacity 4640K, committed 4864K, reserved 1056768K
  class space    used 414K, capacity 464K, committed 512K, reserved 1048576K
}
Event: 1.532 GC heap before
{Heap before GC invocations=13 (full 0):
 PSYoungGen      total 629760K, used 629760K [0x00000000d5580000, 0x00000000fc100000, 0x0000000100000000)
  eden space 628224K, 100% used [0x00000000d5580000,0x00000000fbb00000,0x00000000fbb00000)
  from space 1536K, 100% used [0x00000000fbd80000,0x00000000fbf00000,0x00000000fbf00000)
  to   space 2560K, 0% used [0x00000000fbb00000,0x00000000fbb00000,0x00000000fbd80000)
 ParOldGen       total 40960K, used 2828K [0x0000000080000000, 0x0000000082800000, 0x00000000d5580000)
  object space 40960K, 6% used [0x0000000080000000,0x00000000802c3060,0x0000000082800000)
 Metaspace       used 3737K, capacity 4704K, committed 4864K, reserved 1056768K
  class space    used 415K, capacity 464K, committed 512K, reserved 1048576K
Event: 1.539 GC heap after
Heap after GC invocations=13 (full 0):
 PSYoungGen      total 630784K, used 2496K [0x00000000d5580000, 0x0000000100000000, 0x0000000100000000)
  eden space 628224K, 0% used [0x00000000d5580000,0x00000000d5580000,0x00000000fbb00000)
  from space 2560K, 97% used [0x00000000fbb00000,0x00000000fbd70000,0x00000000fbd80000)
  to   space 3072K, 0% used [0x00000000ffd00000,0x00000000ffd00000,0x0000000100000000)
 ParOldGen       total 40960K, used 4620K [0x0000000080000000, 0x0000000082800000, 0x00000000d5580000)
  object space 40960K, 11% used [0x0000000080000000,0x0000000080483060,0x0000000082800000)
 Metaspace       used 3737K, capacity 4704K, committed 4864K, reserved 1056768K
  class space    used 415K, capacity 464K, committed 512K, reserved 1048576K
}

