# JRE version: Java(TM) SE Runtime Environment (8.0_111-b14) (build 1.8.0_111-b14)
# Java VM: Java HotSpot(TM) 64-Bit Server VM (25.111-b14 mixed mode linux-amd64 compressed oops)
Heap:
 PSYoungGen      total 694784K, used 287646K [0x00000000d5580000, 0x0000000100000000, 0x0000000100000000)
  eden space 690688K, 41% used [0x00000000d5580000,0x00000000e6e5f980,0x00000000ff800000)
  from space 4096K, 0% used [0x00000000ffc00000,0x00000000ffc08000,0x0000000100000000)
  to   space 4096K, 0% used [0x00000000ff800000,0x00000000ff800000,0x00000000ffc00000)
 ParOldGen       total 1398272K, used 3636K [0x0000000080000000, 0x00000000d5580000, 0x00000000d5580000)
  object space 1398272K, 0% used [0x0000000080000000,0x000000008038d060,0x00000000d5580000)
 Metaspace       used 3858K, capacity 4704K, committed 4864K, reserved 1056768K
  class space    used 424K, capacity 464K, committed 512K, reserved 1048576K
GC Heap History (10 events):
Event: 10.656 GC heap before
{Heap before GC invocations=14 (full 0):
 PSYoungGen      total 693760K, used 688672K [0x00000000d5580000, 0x0000000100000000, 0x0000000100000000)
  eden space 688640K, 100% used [0x00000000d5580000,0x00000000ff600000,0x00000000ff600000)
  from space 5120K, 0% used [0x00000000ff600000,0x00000000ff608000,0x00000000ffb00000)
  to   space 5120K, 0% used [0x00000000ffb00000,0x00000000ffb00000,0x0000000100000000)
 ParOldGen       total 1398272K, used 3636K [0x0000000080000000, 0x00000000d5580000, 0x00000000d5580000)
  object space 1398272K, 0% used [0x0000000080000000,0x000000008038d060,0x00000000d5580000)
 Metaspace       used 3848K, capacity 4704K, committed 4864K, reserved 1056768K
  class space    used 423K, capacity 464K, committed 512K, reserved 1048576K
Event: 10.658 GC heap after
Heap after GC invocations=14 (full 0):
 PSYoungGen      total 694272K, used 32K [0x00000000d5580000, 0x0000000100000000, 0x0000000100000000)
  eden space 689152K, 0% used [0x00000000d5580000,0x00000000d5580000,0x00000000ff680000)
  from space 5120K, 0% used [0x00000000ffb00000,0x00000000ffb08000,0x0000000100000000)
  to   space 4608K, 0% used [0x00000000ff680000,0x00000000ff680000,0x00000000ffb00000)
 ParOldGen       total 1398272K, used 3636K [0x0000000080000000, 0x00000000d5580000, 0x00000000d5580000)
  object space 1398272K, 0% used [0x0000000080000000,0x000000008038d060,0x00000000d5580000)
 Metaspace       used 3848K, capacity 4704K, committed 4864K, reserved 1056768K
  class space    used 423K, capacity 464K, committed 512K, reserved 1048576K
}
Event: 11.570 GC heap before
{Heap before GC invocations=15 (full 0):
 PSYoungGen      total 694272K, used 689184K [0x00000000d5580000, 0x0000000100000000, 0x0000000100000000)
  eden space 689152K, 100% used [0x00000000d5580000,0x00000000ff680000,0x00000000ff680000)
  from space 5120K, 0% used [0x00000000ffb00000,0x00000000ffb08000,0x0000000100000000)
  to   space 4608K, 0% used [0x00000000ff680000,0x00000000ff680000,0x00000000ffb00000)
 ParOldGen       total 1398272K, used 3636K [0x0000000080000000, 0x00000000d5580000, 0x00000000d5580000)
  object space 1398272K, 0% used [0x0000000080000000,0x000000008038d060,0x00000000d5580000)
 Metaspace       used 3848K, capacity 4704K, committed 4864K, reserved 1056768K
  class space    used 423K, capacity 464K, committed 512K, reserved 1048576K
Event: 11.572 GC heap after
Heap after GC invocations=15 (full 0):
 PSYoungGen      total 693760K, used 32K [0x00000000d5580000, 0x0000000100000000, 0x0000000100000000)
  eden space 689152K, 0% used [0x00000000d5580000,0x00000000d5580000,0x00000000ff680000)
  from space 4608K, 0% used [0x00000000ff680000,0x00000000ff688000,0x00000000ffb00000)
  to   space 4608K, 0% used [0x00000000ffb80000,0x00000000ffb80000,0x0000000100000000)
 ParOldGen       total 1398272K, used 3636K [0x0000000080000000, 0x00000000d5580000, 0x00000000d5580000)
  object space 1398272K, 0% used [0x0000000080000000,0x000000008038d060,0x00000000d5580000)
 Metaspace       used 3848K, capacity 4704K, committed 4864K, reserved 1056768K
  class space    used 423K, capacity 464K, committed 512K, reserved 1048576K
}
Event: 12.457 GC heap before
{Heap before GC invocations=16 (full 0):
 PSYoungGen      total 693760K, used 689184K [0x00000000d5580000, 0x0000000100000000, 0x0000000100000000)
  eden space 689152K, 100% used [0x00000000d5580000,0x00000000ff680000,0x00000000ff680000)
  from space 4608K, 0% used [0x00000000ff680000,0x00000000ff688000,0x00000000ffb00000)
  to   space 4608K, 0% used [0x00000000ffb80000,0x00000000ffb80000,0x0000000100000000)
 ParOldGen       total 1398272K, used 3636K [0x0000000080000000, 0x00000000d5580000, 0x00000000d5580000)
  object space 1398272K, 0% used [0x0000000080000000,0x000000008038d060,0x00000000d5580000)
 Metaspace       used 3848K, capacity 4704K, committed 4864K, reserved 1056768K
  class space    used 423K, capacity 464K, committed 512K, reserved 1048576K
Event: 12.459 GC heap after
Heap after GC invocations=16 (full 0):
 PSYoungGen      total 694272K, used 32K [0x00000000d5580000, 0x0000000100000000, 0x0000000100000000)
  eden space 689664K, 0% used [0x00000000d5580000,0x00000000d5580000,0x00000000ff700000)
  from space 4608K, 0% used [0x00000000ffb80000,0x00000000ffb88000,0x0000000100000000)
  to   space 4608K, 0% used [0x00000000ff700000,0x00000000ff700000,0x00000000ffb80000)
 ParOldGen       total 1398272K, used 3636K [0x0000000080000000, 0x00000000d5580000, 0x00000000d5580000)
  object space 1398272K, 0% used [0x0000000080000000,0x000000008038d060,0x00000000d5580000)
 Metaspace       used 3848K, capacity 4704K, committed 4864K, reserved 1056768K
  class space    used 423K, capacity 464K, committed 512K, reserved 1048576K
}
Event: 13.344 GC heap before
{Heap before GC invocations=17 (full 0):
 PSYoungGen      total 694272K, used 689696K [0x00000000d5580000, 0x0000000100000000, 0x0000000100000000)
  eden space 689664K, 100% used [0x00000000d5580000,0x00000000ff700000,0x00000000ff700000)
  from space 4608K, 0% used [0x00000000ffb80000,0x00000000ffb88000,0x0000000100000000)
  to   space 4608K, 0% used [0x00000000ff700000,0x00000000ff700000,0x00000000ffb80000)
 ParOldGen       total 1398272K, used 3636K [0x0000000080000000, 0x00000000d5580000, 0x00000000d5580000)
  object space 1398272K, 0% used [0x0000000080000000,0x000000008038d060,0x00000000d5580000)
 Metaspace       used 3848K, capacity 4704K, committed 4864K, reserved 1056768K
  class space    used 423K, capacity 464K, committed 512K, reserved 1048576K
Event: 13.346 GC heap after
Heap after GC invocations=17 (full 0):
 PSYoungGen      total 694272K, used 32K [0x00000000d5580000, 0x0000000100000000, 0x0000000100000000)
  eden space 689664K, 0% used [0x00000000d5580000,0x00000000d5580000,0x00000000ff700000)
  from space 4608K, 0% used [0x00000000ff700000,0x00000000ff708000,0x00000000ffb80000)
  to   space 4096K, 0% used [0x00000000ffc00000,0x00000000ffc00000,0x0000000100000000)
 ParOldGen       total 1398272K, used 3636K [0x0000000080000000, 0x00000000d5580000, 0x00000000d5580000)
  object space 1398272K, 0% used [0x0000000080000000,0x000000008038d060,0x00000000d5580000)
 Metaspace       used 3848K, capacity 4704K, committed 4864K, reserved 1056768K
  class space    used 423K, capacity 464K, committed 512K, reserved 1048576K
}
Event: 14.251 GC heap before
{Heap before GC invocations=18 (full 0):
 PSYoungGen      total 694272K, used 689696K [0x00000000d5580000, 0x0000000100000000, 0x0000000100000000)
  eden space 689664K, 100% used [0x00000000d5580000,0x00000000ff700000,0x00000000ff700000)
  from space 4608K, 0% used [0x00000000ff700000,0x00000000ff708000,0x00000000ffb80000)
  to   space 4096K, 0% used [0x00000000ffc00000,0x00000000ffc00000,0x0000000100000000)
 ParOldGen       total 1398272K, used 3636K [0x0000000080000000, 0x00000000d5580000, 0x00000000d5580000)
  object space 1398272K, 0% used [0x0000000080000000,0x000000008038d060,0x00000000d5580000)
 Metaspace       used 3848K, capacity 4704K, committed 4864K, reserved 1056768K
  class space    used 423K, capacity 464K, committed 512K, reserved 1048576K
Event: 14.254 GC heap after
Heap after GC invocations=18 (full 0):
 PSYoungGen      total 694784K, used 32K [0x00000000d5580000, 0x0000000100000000, 0x0000000100000000)
  eden space 690688K, 0% used [0x00000000d5580000,0x00000000d5580000,0x00000000ff800000)
  from space 4096K, 0% used [0x00000000ffc00000,0x00000000ffc08000,0x0000000100000000)
  to   space 4096K, 0% used [0x00000000ff800000,0x00000000ff800000,0x00000000ffc00000)
 ParOldGen       total 1398272K, used 3636K [0x0000000080000000, 0x00000000d5580000, 0x00000000d5580000)
  object space 1398272K, 0% used [0x0000000080000000,0x000000008038d060,0x00000000d5580000)
 Metaspace       used 3848K, capacity 4704K, committed 4864K, reserved 1056768K
  class space    used 423K, capacity 464K, committed 512K, reserved 1048576K
}

