# JRE version: Java(TM) SE Runtime Environment (8.0_111-b14) (build 1.8.0_111-b14)
# Java VM: Java HotSpot(TM) 64-Bit Server VM (25.111-b14 mixed mode linux-amd64 compressed oops)
Heap:
 PSYoungGen      total 22016K, used 16785K [0x00000000ec400000, 0x00000000eea00000, 0x0000000100000000)
  eden space 12800K, 59% used [0x00000000ec400000,0x00000000ecb645b8,0x00000000ed080000)
  from space 9216K, 100% used [0x00000000edc00000,0x00000000ee500000,0x00000000ee500000)
  to   space 11776K, 0% used [0x00000000ed080000,0x00000000ed080000,0x00000000edc00000)
 ParOldGen       total 40960K, used 18228K [0x00000000c4c00000, 0x00000000c7400000, 0x00000000ec400000)
  object space 40960K, 44% used [0x00000000c4c00000,0x00000000c5dcd080,0x00000000c7400000)
 Metaspace       used 3743K, capacity 4704K, committed 4864K, reserved 1056768K
  class space    used 418K, capacity 464K, committed 512K, reserved 1048576K
GC Heap History (10 events):
Event: 6.447 GC heap before
{Heap before GC invocations=4 (full 0):
 PSYoungGen      total 17920K, used 17904K [0x00000000ec400000, 0x00000000ee700000, 0x0000000100000000)
  eden space 15360K, 100% used [0x00000000ec400000,0x00000000ed300000,0x00000000ed300000)
  from space 2560K, 99% used [0x00000000ed300000,0x00000000ed57c010,0x00000000ed580000)
  to   space 2560K, 0% used [0x00000000ee480000,0x00000000ee480000,0x00000000ee700000)
 ParOldGen       total 40960K, used 6688K [0x00000000c4c00000, 0x00000000c7400000, 0x00000000ec400000)
  object space 40960K, 16% used [0x00000000c4c00000,0x00000000c5288050,0x00000000c7400000)
 Metaspace       used 3734K, capacity 4704K, committed 4864K, reserved 1056768K
  class space    used 416K, capacity 464K, committed 512K, reserved 1048576K
Event: 6.465 GC heap after
Heap after GC invocations=4 (full 0):
 PSYoungGen      total 17920K, used 2544K [0x00000000ec400000, 0x00000000ee700000, 0x0000000100000000)
  eden space 15360K, 0% used [0x00000000ec400000,0x00000000ec400000,0x00000000ed300000)
  from space 2560K, 99% used [0x00000000ee480000,0x00000000ee6fc010,0x00000000ee700000)
  to   space 2560K, 0% used [0x00000000ed300000,0x00000000ed300000,0x00000000ed580000)
 ParOldGen       total 40960K, used 10172K [0x00000000c4c00000, 0x00000000c7400000, 0x00000000ec400000)
  object space 40960K, 24% used [0x00000000c4c00000,0x00000000c55ef060,0x00000000c7400000)
 Metaspace       used 3734K, capacity 4704K, committed 4864K, reserved 1056768K
  class space    used 416K, capacity 464K, committed 512K, reserved 1048576K
}
Event: 8.924 GC heap before
{Heap before GC invocations=5 (full 0):
 PSYoungGen      total 17920K, used 17904K [0x00000000ec400000, 0x00000000ee700000, 0x0000000100000000)
  eden space 15360K, 100% used [0x00000000ec400000,0x00000000ed300000,0x00000000ed300000)
  from space 2560K, 99% used [0x00000000ee480000,0x00000000ee6fc010,0x00000000ee700000)
  to   space 2560K, 0% used [0x00000000ed300000,0x00000000ed300000,0x00000000ed580000)
 ParOldGen       total 40960K, used 10172K [0x00000000c4c00000, 0x00000000c7400000, 0x00000000ec400000)
  object space 40960K, 24% used [0x00000000c4c00000,0x00000000c55ef060,0x00000000c7400000)
 Metaspace       used 3734K, capacity 4704K, committed 4864K, reserved 1056768K
  class space    used 416K, capacity 464K, committed 512K, reserved 1048576K
Event: 8.940 GC heap after
Heap after GC invocations=5 (full 0):
 PSYoungGen      total 17920K, used 2560K [0x00000000ec400000, 0x00000000ee500000, 0x0000000100000000)
  eden space 15360K, 0% used [0x00000000ec400000,0x00000000ec400000,0x00000000ed300000)
  from space 2560K, 100% used [0x00000000ed300000,0x00000000ed580000,0x00000000ed580000)
  to   space 8192K, 0% used [0x00000000edd00000,0x00000000edd00000,0x00000000ee500000)
 ParOldGen       total 40960K, used 13796K [0x00000000c4c00000, 0x00000000c7400000, 0x00000000ec400000)
  object space 40960K, 33% used [0x00000000c4c00000,0x00000000c5979060,0x00000000c7400000)
 Metaspace       used 3734K, capacity 4704K, committed 4864K, reserved 1056768K
  class space    used 416K, capacity 464K, committed 512K, reserved 1048576K
}
Event: 13.838 GC heap before
{Heap before GC invocations=6 (full 0):
 PSYoungGen      total 17920K, used 17920K [0x00000000ec400000, 0x00000000ee500000, 0x0000000100000000)
  eden space 15360K, 100% used [0x00000000ec400000,0x00000000ed300000,0x00000000ed300000)
  from space 2560K, 100% used [0x00000000ed300000,0x00000000ed580000,0x00000000ed580000)
  to   space 8192K, 0% used [0x00000000edd00000,0x00000000edd00000,0x00000000ee500000)
 ParOldGen       total 40960K, used 13796K [0x00000000c4c00000, 0x00000000c7400000, 0x00000000ec400000)
  object space 40960K, 33% used [0x00000000c4c00000,0x00000000c5979060,0x00000000c7400000)
 Metaspace       used 3734K, capacity 4704K, committed 4864K, reserved 1056768K
  class space    used 416K, capacity 464K, committed 512K, reserved 1048576K
Event: 13.895 GC heap after
Heap after GC invocations=6 (full 0):
 PSYoungGen      total 22016K, used 6240K [0x00000000ec400000, 0x00000000ee380000, 0x0000000100000000)
  eden space 15360K, 0% used [0x00000000ec400000,0x00000000ec400000,0x00000000ed300000)
  from space 6656K, 93% used [0x00000000edd00000,0x00000000ee318000,0x00000000ee380000)
  to   space 8192K, 0% used [0x00000000ed380000,0x00000000ed380000,0x00000000edb80000)
 ParOldGen       total 40960K, used 13804K [0x00000000c4c00000, 0x00000000c7400000, 0x00000000ec400000)
  object space 40960K, 33% used [0x00000000c4c00000,0x00000000c597b060,0x00000000c7400000)
 Metaspace       used 3734K, capacity 4704K, committed 4864K, reserved 1056768K
  class space    used 416K, capacity 464K, committed 512K, reserved 1048576K
}
Event: 20.981 GC heap before
{Heap before GC invocations=7 (full 0):
 PSYoungGen      total 22016K, used 21600K [0x00000000ec400000, 0x00000000ee380000, 0x0000000100000000)
  eden space 15360K, 100% used [0x00000000ec400000,0x00000000ed300000,0x00000000ed300000)
  from space 6656K, 93% used [0x00000000edd00000,0x00000000ee318000,0x00000000ee380000)
  to   space 8192K, 0% used [0x00000000ed380000,0x00000000ed380000,0x00000000edb80000)
 ParOldGen       total 40960K, used 13804K [0x00000000c4c00000, 0x00000000c7400000, 0x00000000ec400000)
  object space 40960K, 33% used [0x00000000c4c00000,0x00000000c597b060,0x00000000c7400000)
 Metaspace       used 3734K, capacity 4704K, committed 4864K, reserved 1056768K
  class space    used 416K, capacity 464K, committed 512K, reserved 1048576K
Event: 21.027 GC heap after
Heap after GC invocations=7 (full 0):
 PSYoungGen      total 23552K, used 8096K [0x00000000ec400000, 0x00000000ee500000, 0x0000000100000000)
  eden space 15360K, 0% used [0x00000000ec400000,0x00000000ec400000,0x00000000ed300000)
  from space 8192K, 98% used [0x00000000ed380000,0x00000000edb68000,0x00000000edb80000)
  to   space 9216K, 0% used [0x00000000edc00000,0x00000000edc00000,0x00000000ee500000)
 ParOldGen       total 40960K, used 15628K [0x00000000c4c00000, 0x00000000c7400000, 0x00000000ec400000)
  object space 40960K, 38% used [0x00000000c4c00000,0x00000000c5b43080,0x00000000c7400000)
 Metaspace       used 3734K, capacity 4704K, committed 4864K, reserved 1056768K
  class space    used 416K, capacity 464K, committed 512K, reserved 1048576K
}
Event: 27.043 GC heap before
{Heap before GC invocations=8 (full 0):
 PSYoungGen      total 23552K, used 23456K [0x00000000ec400000, 0x00000000ee500000, 0x0000000100000000)
  eden space 15360K, 100% used [0x00000000ec400000,0x00000000ed300000,0x00000000ed300000)
  from space 8192K, 98% used [0x00000000ed380000,0x00000000edb68000,0x00000000edb80000)
  to   space 9216K, 0% used [0x00000000edc00000,0x00000000edc00000,0x00000000ee500000)
 ParOldGen       total 40960K, used 15628K [0x00000000c4c00000, 0x00000000c7400000, 0x00000000ec400000)
  object space 40960K, 38% used [0x00000000c4c00000,0x00000000c5b43080,0x00000000c7400000)
 Metaspace       used 3734K, capacity 4704K, committed 4864K, reserved 1056768K
  class space    used 416K, capacity 464K, committed 512K, reserved 1048576K
Event: 27.060 GC heap after
Heap after GC invocations=8 (full 0):
 PSYoungGen      total 22016K, used 9216K [0x00000000ec400000, 0x00000000eea00000, 0x0000000100000000)
  eden space 12800K, 0% used [0x00000000ec400000,0x00000000ec400000,0x00000000ed080000)
  from space 9216K, 100% used [0x00000000edc00000,0x00000000ee500000,0x00000000ee500000)
  to   space 11776K, 0% used [0x00000000ed080000,0x00000000ed080000,0x00000000edc00000)
 ParOldGen       total 40960K, used 18228K [0x00000000c4c00000, 0x00000000c7400000, 0x00000000ec400000)
  object space 40960K, 44% used [0x00000000c4c00000,0x00000000c5dcd080,0x00000000c7400000)
 Metaspace       used 3734K, capacity 4704K, committed 4864K, reserved 1056768K
  class space    used 416K, capacity 464K, committed 512K, reserved 1048576K
}

