# JRE version: Java(TM) SE Runtime Environment (8.0_111-b14) (build 1.8.0_111-b14)
# Java VM: Java HotSpot(TM) 64-Bit Server VM (25.111-b14 mixed mode linux-amd64 compressed oops)
Heap:
 PSYoungGen      total 694784K, used 30840K [0x00000000d5580000, 0x0000000100000000, 0x0000000100000000)
  eden space 691200K, 4% used [0x00000000d5580000,0x00000000d73960b8,0x00000000ff880000)
  from space 3584K, 0% used [0x00000000ff880000,0x00000000ff888000,0x00000000ffc00000)
  to   space 3584K, 0% used [0x00000000ffc80000,0x00000000ffc80000,0x0000000100000000)
 ParOldGen       total 1398272K, used 3612K [0x0000000080000000, 0x00000000d5580000, 0x00000000d5580000)
  object space 1398272K, 0% used [0x0000000080000000,0x0000000080387060,0x00000000d5580000)
 Metaspace       used 3766K, capacity 4704K, committed 4864K, reserved 1056768K
  class space    used 419K, capacity 464K, committed 512K, reserved 1048576K
GC Heap History (10 events):
Event: 12.721 GC heap before
{Heap before GC invocations=15 (full 0):
 PSYoungGen      total 694272K, used 689696K [0x00000000d5580000, 0x0000000100000000, 0x0000000100000000)
  eden space 689664K, 100% used [0x00000000d5580000,0x00000000ff700000,0x00000000ff700000)
  from space 4608K, 0% used [0x00000000ffb80000,0x00000000ffb88000,0x0000000100000000)
  to   space 4608K, 0% used [0x00000000ff700000,0x00000000ff700000,0x00000000ffb80000)
 ParOldGen       total 1398272K, used 3612K [0x0000000080000000, 0x00000000d5580000, 0x00000000d5580000)
  object space 1398272K, 0% used [0x0000000080000000,0x0000000080387060,0x00000000d5580000)
 Metaspace       used 3756K, capacity 4704K, committed 4864K, reserved 1056768K
  class space    used 417K, capacity 464K, committed 512K, reserved 1048576K
Event: 12.722 GC heap after
Heap after GC invocations=15 (full 0):
 PSYoungGen      total 694272K, used 32K [0x00000000d5580000, 0x0000000100000000, 0x0000000100000000)
  eden space 689664K, 0% used [0x00000000d5580000,0x00000000d5580000,0x00000000ff700000)
  from space 4608K, 0% used [0x00000000ff700000,0x00000000ff708000,0x00000000ffb80000)
  to   space 4096K, 0% used [0x00000000ffc00000,0x00000000ffc00000,0x0000000100000000)
 ParOldGen       total 1398272K, used 3612K [0x0000000080000000, 0x00000000d5580000, 0x00000000d5580000)
  object space 1398272K, 0% used [0x0000000080000000,0x0000000080387060,0x00000000d5580000)
 Metaspace       used 3756K, capacity 4704K, committed 4864K, reserved 1056768K
  class space    used 417K, capacity 464K, committed 512K, reserved 1048576K
}
Event: 13.627 GC heap before
{Heap before GC invocations=16 (full 0):
 PSYoungGen      total 694272K, used 689696K [0x00000000d5580000, 0x0000000100000000, 0x0000000100000000)
  eden space 689664K, 100% used [0x00000000d5580000,0x00000000ff700000,0x00000000ff700000)
  from space 4608K, 0% used [0x00000000ff700000,0x00000000ff708000,0x00000000ffb80000)
  to   space 4096K, 0% used [0x00000000ffc00000,0x00000000ffc00000,0x0000000100000000)
 ParOldGen       total 1398272K, used 3612K [0x0000000080000000, 0x00000000d5580000, 0x00000000d5580000)
  object space 1398272K, 0% used [0x0000000080000000,0x0000000080387060,0x00000000d5580000)
 Metaspace       used 3756K, capacity 4704K, committed 4864K, reserved 1056768K
  class space    used 417K, capacity 464K, committed 512K, reserved 1048576K
Event: 13.629 GC heap after
Heap after GC invocations=16 (full 0):
 PSYoungGen      total 694784K, used 32K [0x00000000d5580000, 0x0000000100000000, 0x0000000100000000)
  eden space 690688K, 0% used [0x00000000d5580000,0x00000000d5580000,0x00000000ff800000)
  from space 4096K, 0% used [0x00000000ffc00000,0x00000000ffc08000,0x0000000100000000)
  to   space 4096K, 0% used [0x00000000ff800000,0x00000000ff800000,0x00000000ffc00000)
 ParOldGen       total 1398272K, used 3612K [0x0000000080000000, 0x00000000d5580000, 0x00000000d5580000)
  object space 1398272K, 0% used [0x0000000080000000,0x0000000080387060,0x00000000d5580000)
 Metaspace       used 3756K, capacity 4704K, committed 4864K, reserved 1056768K
  class space    used 417K, capacity 464K, committed 512K, reserved 1048576K
}
Event: 14.551 GC heap before
{Heap before GC invocations=17 (full 0):
 PSYoungGen      total 694784K, used 690720K [0x00000000d5580000, 0x0000000100000000, 0x0000000100000000)
  eden space 690688K, 100% used [0x00000000d5580000,0x00000000ff800000,0x00000000ff800000)
  from space 4096K, 0% used [0x00000000ffc00000,0x00000000ffc08000,0x0000000100000000)
  to   space 4096K, 0% used [0x00000000ff800000,0x00000000ff800000,0x00000000ffc00000)
 ParOldGen       total 1398272K, used 3612K [0x0000000080000000, 0x00000000d5580000, 0x00000000d5580000)
  object space 1398272K, 0% used [0x0000000080000000,0x0000000080387060,0x00000000d5580000)
 Metaspace       used 3756K, capacity 4704K, committed 4864K, reserved 1056768K
  class space    used 417K, capacity 464K, committed 512K, reserved 1048576K
Event: 14.552 GC heap after
Heap after GC invocations=17 (full 0):
 PSYoungGen      total 694784K, used 32K [0x00000000d5580000, 0x0000000100000000, 0x0000000100000000)
  eden space 690688K, 0% used [0x00000000d5580000,0x00000000d5580000,0x00000000ff800000)
  from space 4096K, 0% used [0x00000000ff800000,0x00000000ff808000,0x00000000ffc00000)
  to   space 4096K, 0% used [0x00000000ffc00000,0x00000000ffc00000,0x0000000100000000)
 ParOldGen       total 1398272K, used 3612K [0x0000000080000000, 0x00000000d5580000, 0x00000000d5580000)
  object space 1398272K, 0% used [0x0000000080000000,0x0000000080387060,0x00000000d5580000)
 Metaspace       used 3756K, capacity 4704K, committed 4864K, reserved 1056768K
  class space    used 417K, capacity 464K, committed 512K, reserved 1048576K
}
Event: 15.497 GC heap before
{Heap before GC invocations=18 (full 0):
 PSYoungGen      total 694784K, used 690719K [0x00000000d5580000, 0x0000000100000000, 0x0000000100000000)
  eden space 690688K, 99% used [0x00000000d5580000,0x00000000ff7ffd98,0x00000000ff800000)
  from space 4096K, 0% used [0x00000000ff800000,0x00000000ff808000,0x00000000ffc00000)
  to   space 4096K, 0% used [0x00000000ffc00000,0x00000000ffc00000,0x0000000100000000)
 ParOldGen       total 1398272K, used 3612K [0x0000000080000000, 0x00000000d5580000, 0x00000000d5580000)
  object space 1398272K, 0% used [0x0000000080000000,0x0000000080387060,0x00000000d5580000)
 Metaspace       used 3756K, capacity 4704K, committed 4864K, reserved 1056768K
  class space    used 417K, capacity 464K, committed 512K, reserved 1048576K
Event: 15.498 GC heap after
Heap after GC invocations=18 (full 0):
 PSYoungGen      total 695296K, used 32K [0x00000000d5580000, 0x0000000100000000, 0x0000000100000000)
  eden space 691200K, 0% used [0x00000000d5580000,0x00000000d5580000,0x00000000ff880000)
  from space 4096K, 0% used [0x00000000ffc00000,0x00000000ffc08000,0x0000000100000000)
  to   space 3584K, 0% used [0x00000000ff880000,0x00000000ff880000,0x00000000ffc00000)
 ParOldGen       total 1398272K, used 3612K [0x0000000080000000, 0x00000000d5580000, 0x00000000d5580000)
  object space 1398272K, 0% used [0x0000000080000000,0x0000000080387060,0x00000000d5580000)
 Metaspace       used 3756K, capacity 4704K, committed 4864K, reserved 1056768K
  class space    used 417K, capacity 464K, committed 512K, reserved 1048576K
}
Event: 16.349 GC heap before
{Heap before GC invocations=19 (full 0):
 PSYoungGen      total 695296K, used 691232K [0x00000000d5580000, 0x0000000100000000, 0x0000000100000000)
  eden space 691200K, 100% used [0x00000000d5580000,0x00000000ff880000,0x00000000ff880000)
  from space 4096K, 0% used [0x00000000ffc00000,0x00000000ffc08000,0x0000000100000000)
  to   space 3584K, 0% used [0x00000000ff880000,0x00000000ff880000,0x00000000ffc00000)
 ParOldGen       total 1398272K, used 3612K [0x0000000080000000, 0x00000000d5580000, 0x00000000d5580000)
  object space 1398272K, 0% used [0x0000000080000000,0x0000000080387060,0x00000000d5580000)
 Metaspace       used 3756K, capacity 4704K, committed 4864K, reserved 1056768K
  class space    used 417K, capacity 464K, committed 512K, reserved 1048576K
Event: 16.350 GC heap after
Heap after GC invocations=19 (full 0):
 PSYoungGen      total 694784K, used 32K [0x00000000d5580000, 0x0000000100000000, 0x0000000100000000)
  eden space 691200K, 0% used [0x00000000d5580000,0x00000000d5580000,0x00000000ff880000)
  from space 3584K, 0% used [0x00000000ff880000,0x00000000ff888000,0x00000000ffc00000)
  to   space 3584K, 0% used [0x00000000ffc80000,0x00000000ffc80000,0x0000000100000000)
 ParOldGen       total 1398272K, used 3612K [0x0000000080000000, 0x00000000d5580000, 0x00000000d5580000)
  object space 1398272K, 0% used [0x0000000080000000,0x0000000080387060,0x00000000d5580000)
 Metaspace       used 3756K, capacity 4704K, committed 4864K, reserved 1056768K
  class space    used 417K, capacity 464K, committed 512K, reserved 1048576K
}

