# JRE version: Java(TM) SE Runtime Environment (8.0_111-b14) (build 1.8.0_111-b14)
# Java VM: Java HotSpot(TM) 64-Bit Server VM (25.111-b14 mixed mode linux-amd64 compressed oops)
Heap:
 PSYoungGen      total 64000K, used 34323K [0x00000000d5580000, 0x00000000d9680000, 0x0000000100000000)
  eden space 61440K, 55% used [0x00000000d5580000,0x00000000d7704ea8,0x00000000d9180000)
  from space 2560K, 0% used [0x00000000d9400000,0x00000000d9400000,0x00000000d9680000)
  to   space 2560K, 0% used [0x00000000d9180000,0x00000000d9180000,0x00000000d9400000)
 ParOldGen       total 47104K, used 13877K [0x0000000080000000, 0x0000000082e00000, 0x00000000d5580000)
  object space 47104K, 29% used [0x0000000080000000,0x0000000080d8d620,0x0000000082e00000)
 Metaspace       used 3733K, capacity 4704K, committed 4864K, reserved 1056768K
  class space    used 416K, capacity 464K, committed 512K, reserved 1048576K
GC Heap History (10 events):
Event: 1.466 GC heap before
{Heap before GC invocations=1 (full 0):
 PSYoungGen      total 17920K, used 15360K [0x00000000d5580000, 0x00000000d6980000, 0x0000000100000000)
  eden space 15360K, 100% used [0x00000000d5580000,0x00000000d6480000,0x00000000d6480000)
  from space 2560K, 0% used [0x00000000d6700000,0x00000000d6700000,0x00000000d6980000)
  to   space 2560K, 0% used [0x00000000d6480000,0x00000000d6480000,0x00000000d6700000)
 ParOldGen       total 40960K, used 0K [0x0000000080000000, 0x0000000082800000, 0x00000000d5580000)
  object space 40960K, 0% used [0x0000000080000000,0x0000000080000000,0x0000000082800000)
 Metaspace       used 3681K, capacity 4640K, committed 4864K, reserved 1056768K
  class space    used 414K, capacity 464K, committed 512K, reserved 1048576K
Event: 1.538 GC heap after
Heap after GC invocations=1 (full 0):
 PSYoungGen      total 17920K, used 2528K [0x00000000d5580000, 0x00000000d7880000, 0x0000000100000000)
  eden space 15360K, 0% used [0x00000000d5580000,0x00000000d5580000,0x00000000d6480000)
  from space 2560K, 98% used [0x00000000d6480000,0x00000000d66f8020,0x00000000d6700000)
  to   space 2560K, 0% used [0x00000000d7600000,0x00000000d7600000,0x00000000d7880000)
 ParOldGen       total 40960K, used 2200K [0x0000000080000000, 0x0000000082800000, 0x00000000d5580000)
  object space 40960K, 5% used [0x0000000080000000,0x0000000080226000,0x0000000082800000)
 Metaspace       used 3681K, capacity 4640K, committed 4864K, reserved 1056768K
  class space    used 414K, capacity 464K, committed 512K, reserved 1048576K
}
Event: 3.371 GC heap before
{Heap before GC invocations=2 (full 0):
 PSYoungGen      total 17920K, used 17888K [0x00000000d5580000, 0x00000000d7880000, 0x0000000100000000)
  eden space 15360K, 100% used [0x00000000d5580000,0x00000000d6480000,0x00000000d6480000)
  from space 2560K, 98% used [0x00000000d6480000,0x00000000d66f8020,0x00000000d6700000)
  to   space 2560K, 0% used [0x00000000d7600000,0x00000000d7600000,0x00000000d7880000)
 ParOldGen       total 40960K, used 2200K [0x0000000080000000, 0x0000000082800000, 0x00000000d5580000)
  object space 40960K, 5% used [0x0000000080000000,0x0000000080226000,0x0000000082800000)
 Metaspace       used 3691K, capacity 4640K, committed 4864K, reserved 1056768K
  class space    used 414K, capacity 464K, committed 512K, reserved 1048576K
Event: 3.386 GC heap after
Heap after GC invocations=2 (full 0):
 PSYoungGen      total 33280K, used 2544K [0x00000000d5580000, 0x00000000d7880000, 0x0000000100000000)
  eden space 30720K, 0% used [0x00000000d5580000,0x00000000d5580000,0x00000000d7380000)
  from space 2560K, 99% used [0x00000000d7600000,0x00000000d787c010,0x00000000d7880000)
  to   space 2560K, 0% used [0x00000000d7380000,0x00000000d7380000,0x00000000d7600000)
 ParOldGen       total 40960K, used 5904K [0x0000000080000000, 0x0000000082800000, 0x00000000d5580000)
  object space 40960K, 14% used [0x0000000080000000,0x00000000805c4000,0x0000000082800000)
 Metaspace       used 3691K, capacity 4640K, committed 4864K, reserved 1056768K
  class space    used 414K, capacity 464K, committed 512K, reserved 1048576K
}
Event: 7.924 GC heap before
{Heap before GC invocations=3 (full 0):
 PSYoungGen      total 33280K, used 33264K [0x00000000d5580000, 0x00000000d7880000, 0x0000000100000000)
  eden space 30720K, 100% used [0x00000000d5580000,0x00000000d7380000,0x00000000d7380000)
  from space 2560K, 99% used [0x00000000d7600000,0x00000000d787c010,0x00000000d7880000)
  to   space 2560K, 0% used [0x00000000d7380000,0x00000000d7380000,0x00000000d7600000)
 ParOldGen       total 40960K, used 5904K [0x0000000080000000, 0x0000000082800000, 0x00000000d5580000)
  object space 40960K, 14% used [0x0000000080000000,0x00000000805c4000,0x0000000082800000)
 Metaspace       used 3716K, capacity 4704K, committed 4864K, reserved 1056768K
  class space    used 414K, capacity 464K, committed 512K, reserved 1048576K
Event: 7.958 GC heap after
Heap after GC invocations=3 (full 0):
 PSYoungGen      total 33280K, used 2528K [0x00000000d5580000, 0x00000000d9680000, 0x0000000100000000)
  eden space 30720K, 0% used [0x00000000d5580000,0x00000000d5580000,0x00000000d7380000)
  from space 2560K, 98% used [0x00000000d7380000,0x00000000d75f8020,0x00000000d7600000)
  to   space 2560K, 0% used [0x00000000d9400000,0x00000000d9400000,0x00000000d9680000)
 ParOldGen       total 40960K, used 16944K [0x0000000080000000, 0x0000000082800000, 0x00000000d5580000)
  object space 40960K, 41% used [0x0000000080000000,0x000000008108c000,0x0000000082800000)
 Metaspace       used 3716K, capacity 4704K, committed 4864K, reserved 1056768K
  class space    used 414K, capacity 464K, committed 512K, reserved 1048576K
}
Event: 11.865 GC heap before
{Heap before GC invocations=4 (full 0):
 PSYoungGen      total 33280K, used 33248K [0x00000000d5580000, 0x00000000d9680000, 0x0000000100000000)
  eden space 30720K, 100% used [0x00000000d5580000,0x00000000d7380000,0x00000000d7380000)
  from space 2560K, 98% used [0x00000000d7380000,0x00000000d75f8020,0x00000000d7600000)
  to   space 2560K, 0% used [0x00000000d9400000,0x00000000d9400000,0x00000000d9680000)
 ParOldGen       total 40960K, used 16944K [0x0000000080000000, 0x0000000082800000, 0x00000000d5580000)
  object space 40960K, 41% used [0x0000000080000000,0x000000008108c000,0x0000000082800000)
 Metaspace       used 3718K, capacity 4704K, committed 4864K, reserved 1056768K
  class space    used 414K, capacity 464K, committed 512K, reserved 1048576K
Event: 12.084 GC heap after
Heap after GC invocations=4 (full 0):
 PSYoungGen      total 64000K, used 2544K [0x00000000d5580000, 0x00000000d9680000, 0x0000000100000000)
  eden space 61440K, 0% used [0x00000000d5580000,0x00000000d5580000,0x00000000d9180000)
  from space 2560K, 99% used [0x00000000d9400000,0x00000000d967c010,0x00000000d9680000)
  to   space 2560K, 0% used [0x00000000d9180000,0x00000000d9180000,0x00000000d9400000)
 ParOldGen       total 40960K, used 28408K [0x0000000080000000, 0x0000000082800000, 0x00000000d5580000)
  object space 40960K, 69% used [0x0000000080000000,0x0000000081bbe000,0x0000000082800000)
 Metaspace       used 3718K, capacity 4704K, committed 4864K, reserved 1056768K
  class space    used 414K, capacity 464K, committed 512K, reserved 1048576K
}
Event: 12.085 GC heap before
{Heap before GC invocations=5 (full 1):
 PSYoungGen      total 64000K, used 2544K [0x00000000d5580000, 0x00000000d9680000, 0x0000000100000000)
  eden space 61440K, 0% used [0x00000000d5580000,0x00000000d5580000,0x00000000d9180000)
  from space 2560K, 99% used [0x00000000d9400000,0x00000000d967c010,0x00000000d9680000)
  to   space 2560K, 0% used [0x00000000d9180000,0x00000000d9180000,0x00000000d9400000)
 ParOldGen       total 40960K, used 28408K [0x0000000080000000, 0x0000000082800000, 0x00000000d5580000)
  object space 40960K, 69% used [0x0000000080000000,0x0000000081bbe000,0x0000000082800000)
 Metaspace       used 3718K, capacity 4704K, committed 4864K, reserved 1056768K
  class space    used 414K, capacity 464K, committed 512K, reserved 1048576K
Event: 12.147 GC heap after
Heap after GC invocations=5 (full 1):
 PSYoungGen      total 64000K, used 0K [0x00000000d5580000, 0x00000000d9680000, 0x0000000100000000)
  eden space 61440K, 0% used [0x00000000d5580000,0x00000000d5580000,0x00000000d9180000)
  from space 2560K, 0% used [0x00000000d9400000,0x00000000d9400000,0x00000000d9680000)
  to   space 2560K, 0% used [0x00000000d9180000,0x00000000d9180000,0x00000000d9400000)
 ParOldGen       total 47104K, used 13877K [0x0000000080000000, 0x0000000082e00000, 0x00000000d5580000)
  object space 47104K, 29% used [0x0000000080000000,0x0000000080d8d620,0x0000000082e00000)
 Metaspace       used 3718K, capacity 4704K, committed 4864K, reserved 1056768K
  class space    used 414K, capacity 464K, committed 512K, reserved 1048576K
}

